;  LST file generated by mikroListExporter - v.2.0 
; Date/Time: 2016.08.10. 19:46:30
;----------------------------------------------

;Address Opcode 	ASM
0x0000	0xF002EF6A  	GOTO        1236
_Interrupt:
;home_control.c,799 :: 		void Interrupt(){
0x0008	0xF016C000  	MOVFF       R0, 22
0x000C	0xF015C001  	MOVFF       R1, 21
;home_control.c,802 :: 		wifi_serial_interrupt();
0x0010	0xF01BCFE9  	MOVFF       FSR0L, 27
0x0014	0xF01CCFEA  	MOVFF       FSR0H, 28
0x0018	0xF01ACFF5  	MOVFF       TABLAT, 26
0x001C	0xF017CFF8  	MOVFF       TBLPTRU, 23
0x0020	0xF018CFF7  	MOVFF       TBLPTRH, 24
0x0024	0xF019CFF6  	MOVFF       4086, 25
0x0028	0xD9F9      	RCALL       _wifi_serial_interrupt
;home_control.c,803 :: 		gprs_serial_interrupt();
0x002A	0xD9A6      	RCALL       _gprs_serial_interrupt
;home_control.c,806 :: 		if (TMR0IF_bit){
0x002C	0xA4F2      	BTFSS       TMR0IF_bit, BitPos(TMR0IF_bit+0) 
0x002E	0xD006      	BRA         L_Interrupt176
;home_control.c,807 :: 		TMR0IF_bit = 0;
0x0030	0x94F2      	BCF         TMR0IF_bit, BitPos(TMR0IF_bit+0) 
;home_control.c,808 :: 		TMR0H         = 0xF6;
0x0032	0x0EF6      	MOVLW       246
0x0034	0x6ED7      	MOVWF       TMR0H 
;home_control.c,809 :: 		TMR0L         = 0x3C;
0x0036	0x0E3C      	MOVLW       60
0x0038	0x6ED6      	MOVWF       TMR0L 
;home_control.c,811 :: 		system_clock();
0x003A	0xD8F5      	RCALL       _system_clock
;home_control.c,813 :: 		}
L_Interrupt176:
;home_control.c,814 :: 		}
L_end_Interrupt:
L__Interrupt275:
0x003C	0xFFF5C01A  	MOVFF       26, TABLAT
0x0040	0xFFF8C017  	MOVFF       23, TBLPTRU
0x0044	0xFFF7C018  	MOVFF       24, TBLPTRH
0x0048	0xFFF6C019  	MOVFF       25, 4086
0x004C	0xF000C016  	MOVFF       22, R0
0x0050	0xF001C015  	MOVFF       21, R1
0x0054	0xFFE9C01B  	MOVFF       27, FSR0L
0x0058	0xFFEAC01C  	MOVFF       28, FSR0H
0x005C	0x0011      	RETFIE      1
; end of _Interrupt
_UART1_Write:
;__Lib_UART_c67d67.c,63 :: 		
;__Lib_UART_c67d67.c,64 :: 		
L_UART1_Write3:
0x005E	0xB2AC      	BTFSC       TXSTA, 1 
0x0060	0xD002      	BRA         L_UART1_Write4
;__Lib_UART_c67d67.c,65 :: 		
0x0062	0x0000      	NOP
0x0064	0xD7FC      	BRA         L_UART1_Write3
L_UART1_Write4:
;__Lib_UART_c67d67.c,66 :: 		
0x0066	0xFFADC1D4  	MOVFF       FARG_UART1_Write_data_, TXREG
;__Lib_UART_c67d67.c,67 :: 		
L_end_UART1_Write:
0x006A	0x0012      	RETURN      0
; end of _UART1_Write
_UART1_Init:
;__Lib_UART_c67d67.c,20 :: 		
;__Lib_UART_c67d67.c,23 :: 		
0x006C	0x0E5E      	MOVLW       _UART1_Write
0x006E	0x6E2A      	MOVWF       _UART_Wr_Ptr 
0x0070	0x0E00      	MOVLW       hi_addr(_UART1_Write)
0x0072	0x6E2B      	MOVWF       _UART_Wr_Ptr+1 
0x0074	0x0ED4      	MOVLW       FARG_UART1_Write_data_
0x0076	0x6E2C      	MOVWF       _UART_Wr_Ptr+2 
0x0078	0x0E01      	MOVLW       hi_addr(FARG_UART1_Write_data_)
0x007A	0x6E2D      	MOVWF       _UART_Wr_Ptr+3 
;__Lib_UART_c67d67.c,24 :: 		
0x007C	0x0E50      	MOVLW       _UART1_Read
0x007E	0x6E22      	MOVWF       _UART_Rd_Ptr 
0x0080	0x0E01      	MOVLW       hi_addr(_UART1_Read)
0x0082	0x6E23      	MOVWF       _UART_Rd_Ptr+1 
0x0084	0x0E00      	MOVLW       0
0x0086	0x6E24      	MOVWF       _UART_Rd_Ptr+2 
0x0088	0x0E00      	MOVLW       0
0x008A	0x6E25      	MOVWF       _UART_Rd_Ptr+3 
;__Lib_UART_c67d67.c,25 :: 		
0x008C	0x0EFF      	MOVLW       _UART1_Data_Ready
0x008E	0x6E26      	MOVWF       _UART_Rdy_Ptr 
0x0090	0x0EFF      	MOVLW       hi_addr(_UART1_Data_Ready)
0x0092	0x6E27      	MOVWF       _UART_Rdy_Ptr+1 
0x0094	0x0E00      	MOVLW       0
0x0096	0x6E28      	MOVWF       _UART_Rdy_Ptr+2 
0x0098	0x0E00      	MOVLW       0
0x009A	0x6E29      	MOVWF       _UART_Rdy_Ptr+3 
;__Lib_UART_c67d67.c,26 :: 		
0x009C	0x0EFF      	MOVLW       _UART1_Tx_Idle
0x009E	0x0101      	MOVLB       1
0x00A0	0x6FBE      	MOVWF       _UART_Tx_Idle_Ptr, 1
0x00A2	0x0EFF      	MOVLW       hi_addr(_UART1_Tx_Idle)
0x00A4	0x6FBF      	MOVWF       _UART_Tx_Idle_Ptr+1, 1
0x00A6	0x0E00      	MOVLW       0
0x00A8	0x6FC0      	MOVWF       _UART_Tx_Idle_Ptr+2, 1
0x00AA	0x0E00      	MOVLW       0
0x00AC	0x6FC1      	MOVWF       _UART_Tx_Idle_Ptr+3, 1
;__Lib_UART_c67d67.c,28 :: 		
0x00AE	0x8AAC      	BSF         TXSTA, 5 
;__Lib_UART_c67d67.c,29 :: 		
0x00B0	0x0E90      	MOVLW       144
0x00B2	0x6EAB      	MOVWF       RCSTA 
;__Lib_UART_c67d67.c,30 :: 		
0x00B4	0x8E94      	BSF         TRISC7_bit, BitPos(TRISC7_bit+0) 
;__Lib_UART_c67d67.c,31 :: 		
0x00B6	0x9C94      	BCF         TRISC6_bit, BitPos(TRISC6_bit+0) 
;__Lib_UART_c67d67.c,33 :: 		
L_UART1_Init0:
0x00B8	0xAA9E      	BTFSS       PIR1, 5 
0x00BA	0xD003      	BRA         L_UART1_Init1
;__Lib_UART_c67d67.c,34 :: 		
0x00BC	0xF000CFAE  	MOVFF       RCREG, R0
0x00C0	0xD7FB      	BRA         L_UART1_Init0
L_UART1_Init1:
;__Lib_UART_c67d67.c,35 :: 		
L_end_UART1_Init:
0x00C2	0x0012      	RETURN      0
; end of _UART1_Init
_UART2_Init:
;__Lib_UART_c67d67.c,117 :: 		
;__Lib_UART_c67d67.c,120 :: 		
0x00C4	0x0EFF      	MOVLW       _UART2_Write
0x00C6	0x6E2A      	MOVWF       _UART_Wr_Ptr 
0x00C8	0x0EFF      	MOVLW       hi_addr(_UART2_Write)
0x00CA	0x6E2B      	MOVWF       _UART_Wr_Ptr+1 
0x00CC	0x0EFF      	MOVLW       FARG_UART2_Write_data_
0x00CE	0x6E2C      	MOVWF       _UART_Wr_Ptr+2 
0x00D0	0x0EFF      	MOVLW       hi_addr(FARG_UART2_Write_data_)
0x00D2	0x6E2D      	MOVWF       _UART_Wr_Ptr+3 
;__Lib_UART_c67d67.c,121 :: 		
0x00D4	0x0EFF      	MOVLW       _UART2_Read
0x00D6	0x6E22      	MOVWF       _UART_Rd_Ptr 
0x00D8	0x0EFF      	MOVLW       hi_addr(_UART2_Read)
0x00DA	0x6E23      	MOVWF       _UART_Rd_Ptr+1 
0x00DC	0x0E00      	MOVLW       0
0x00DE	0x6E24      	MOVWF       _UART_Rd_Ptr+2 
0x00E0	0x0E00      	MOVLW       0
0x00E2	0x6E25      	MOVWF       _UART_Rd_Ptr+3 
;__Lib_UART_c67d67.c,122 :: 		
0x00E4	0x0EFF      	MOVLW       _UART2_Data_Ready
0x00E6	0x6E26      	MOVWF       _UART_Rdy_Ptr 
0x00E8	0x0EFF      	MOVLW       hi_addr(_UART2_Data_Ready)
0x00EA	0x6E27      	MOVWF       _UART_Rdy_Ptr+1 
0x00EC	0x0E00      	MOVLW       0
0x00EE	0x6E28      	MOVWF       _UART_Rdy_Ptr+2 
0x00F0	0x0E00      	MOVLW       0
0x00F2	0x6E29      	MOVWF       _UART_Rdy_Ptr+3 
;__Lib_UART_c67d67.c,123 :: 		
0x00F4	0x0EFF      	MOVLW       _UART2_Tx_Idle
0x00F6	0x0101      	MOVLB       1
0x00F8	0x6FBE      	MOVWF       _UART_Tx_Idle_Ptr, 1
0x00FA	0x0EFF      	MOVLW       hi_addr(_UART2_Tx_Idle)
0x00FC	0x6FBF      	MOVWF       _UART_Tx_Idle_Ptr+1, 1
0x00FE	0x0E00      	MOVLW       0
0x0100	0x6FC0      	MOVWF       _UART_Tx_Idle_Ptr+2, 1
0x0102	0x0E00      	MOVLW       0
0x0104	0x6FC1      	MOVWF       _UART_Tx_Idle_Ptr+3, 1
;__Lib_UART_c67d67.c,125 :: 		
0x0106	0x8ABA      	BSF         TXSTA2, 5 
;__Lib_UART_c67d67.c,126 :: 		
0x0108	0x0E90      	MOVLW       144
0x010A	0x6EA6      	MOVWF       RCSTA2 
;__Lib_UART_c67d67.c,127 :: 		
0x010C	0x8E95      	BSF         TRISD7_bit, BitPos(TRISD7_bit+0) 
;__Lib_UART_c67d67.c,128 :: 		
0x010E	0x9C95      	BCF         TRISD6_bit, BitPos(TRISD6_bit+0) 
;__Lib_UART_c67d67.c,130 :: 		
L_UART2_Init16:
0x0110	0xAAA4      	BTFSS       RC2IF_bit, BitPos(RC2IF_bit+0) 
0x0112	0xD003      	BRA         L_UART2_Init17
;__Lib_UART_c67d67.c,131 :: 		
0x0114	0xF000CF7A  	MOVFF       RCREG2, R0
0x0118	0xD7FB      	BRA         L_UART2_Init16
L_UART2_Init17:
;__Lib_UART_c67d67.c,132 :: 		
L_end_UART2_Init:
0x011A	0x0012      	RETURN      0
; end of _UART2_Init
_UART1_Write_Text:
;__Lib_UART_c67d67.c,71 :: 		
;__Lib_UART_c67d67.c,72 :: 		
0x011C	0x0101      	MOVLB       1
0x011E	0x6BD3      	CLRF        UART1_Write_Text_counter_L0, 1
;__Lib_UART_c67d67.c,74 :: 		
0x0120	0xFFE9C1D0  	MOVFF       FARG_UART1_Write_Text_uart_text, FSR0L
0x0124	0xFFEAC1D1  	MOVFF       FARG_UART1_Write_Text_uart_text+1, FSR0H
0x0128	0xF1D2CFEE  	MOVFF       POSTINC0, UART1_Write_Text_data__L0
;__Lib_UART_c67d67.c,75 :: 		
L_UART1_Write_Text5:
0x012C	0x51D2      	MOVF        UART1_Write_Text_data__L0, 0, 1
0x012E	0x0A00      	XORLW       0
0x0130	0xE00E      	BZ          L_UART1_Write_Text6
;__Lib_UART_c67d67.c,76 :: 		
0x0132	0xF1D4C1D2  	MOVFF       UART1_Write_Text_data__L0, FARG_UART1_Write_data_
0x0136	0xDF93      	RCALL       _UART1_Write
;__Lib_UART_c67d67.c,77 :: 		
0x0138	0x0101      	MOVLB       1
0x013A	0x2BD3      	INCF        UART1_Write_Text_counter_L0, 1, 1
;__Lib_UART_c67d67.c,78 :: 		
0x013C	0x51D3      	MOVF        UART1_Write_Text_counter_L0, 0, 1
0x013E	0x25D0      	ADDWF       FARG_UART1_Write_Text_uart_text, 0, 1
0x0140	0x6EE9      	MOVWF       FSR0L 
0x0142	0x0E00      	MOVLW       0
0x0144	0x21D1      	ADDWFC      FARG_UART1_Write_Text_uart_text+1, 0, 1
0x0146	0x6EEA      	MOVWF       FSR0H 
0x0148	0xF1D2CFEE  	MOVFF       POSTINC0, UART1_Write_Text_data__L0
;__Lib_UART_c67d67.c,79 :: 		
0x014C	0xD7EF      	BRA         L_UART1_Write_Text5
L_UART1_Write_Text6:
;__Lib_UART_c67d67.c,80 :: 		
L_end_UART1_Write_Text:
0x014E	0x0012      	RETURN      0
; end of _UART1_Write_Text
_UART1_Read:
;__Lib_UART_c67d67.c,44 :: 		
;__Lib_UART_c67d67.c,47 :: 		
0x0150	0xF001CFAE  	MOVFF       RCREG, R1
;__Lib_UART_c67d67.c,48 :: 		
0x0154	0xA2AB      	BTFSS       RCSTA, 1 
0x0156	0xD002      	BRA         L_UART1_Read2
;__Lib_UART_c67d67.c,49 :: 		
0x0158	0x98AB      	BCF         RCSTA, 4 
;__Lib_UART_c67d67.c,50 :: 		
0x015A	0x88AB      	BSF         RCSTA, 4 
;__Lib_UART_c67d67.c,51 :: 		
L_UART1_Read2:
;__Lib_UART_c67d67.c,52 :: 		
0x015C	0xF000C001  	MOVFF       R1, R0
;__Lib_UART_c67d67.c,53 :: 		
L_end_UART1_Read:
0x0160	0x0012      	RETURN      0
; end of _UART1_Read
_setup_pic:
;home_control.c,826 :: 		void setup_pic(){
;home_control.c,827 :: 		TRISA = 0b00000001;
0x0162	0x0E01      	MOVLW       1
0x0164	0x6E92      	MOVWF       TRISA 
;home_control.c,828 :: 		TRISB = 0b00000000;
0x0166	0x6A93      	CLRF        TRISB 
;home_control.c,829 :: 		TRISC = 0b00000000;
0x0168	0x6A94      	CLRF        TRISC 
;home_control.c,830 :: 		TRISD = 0b00000000;
0x016A	0x6A95      	CLRF        TRISD 
;home_control.c,832 :: 		PORTA = 0b00000000;
0x016C	0x6A80      	CLRF        PORTA 
;home_control.c,833 :: 		PORTB = 0b00000000;
0x016E	0x6A81      	CLRF        PORTB 
;home_control.c,834 :: 		PORTC = 0b00000000;
0x0170	0x6A82      	CLRF        PORTC 
;home_control.c,835 :: 		PORTD = 0b00000000;
0x0172	0x6A83      	CLRF        PORTD 
;home_control.c,838 :: 		ANCON0 = 0b00000000;
0x0174	0x010F      	MOVLB       15
0x0176	0x6B5D      	CLRF        ANCON0, 1
;home_control.c,839 :: 		ANCON1 = 0b00000000;
0x0178	0x6B5C      	CLRF        ANCON1, 1
;home_control.c,841 :: 		delay_ms(1000);
0x017A	0x0E15      	MOVLW       21
0x017C	0x6E0B      	MOVWF       R11, 0
0x017E	0x0E4B      	MOVLW       75
0x0180	0x6E0C      	MOVWF       R12, 0
0x0182	0x0EBE      	MOVLW       190
0x0184	0x6E0D      	MOVWF       R13, 0
L_setup_pic177:
0x0186	0x2E0D      	DECFSZ      R13, 1, 0
0x0188	0xD7FE      	BRA         L_setup_pic177
0x018A	0x2E0C      	DECFSZ      R12, 1, 0
0x018C	0xD7FC      	BRA         L_setup_pic177
0x018E	0x2E0B      	DECFSZ      R11, 1, 0
0x0190	0xD7FA      	BRA         L_setup_pic177
0x0192	0x0000      	NOP
;home_control.c,845 :: 		UART1_Init(9600);
0x0194	0x0E67      	MOVLW       103
0x0196	0x6EAF      	MOVWF       SPBRG 
0x0198	0x84AC      	BSF         TXSTA, 2, 0
0x019A	0xDF68      	RCALL       _UART1_Init
;home_control.c,846 :: 		delay_ms(100);
0x019C	0x0E03      	MOVLW       3
0x019E	0x6E0B      	MOVWF       R11, 0
0x01A0	0x0E08      	MOVLW       8
0x01A2	0x6E0C      	MOVWF       R12, 0
0x01A4	0x0E77      	MOVLW       119
0x01A6	0x6E0D      	MOVWF       R13, 0
L_setup_pic178:
0x01A8	0x2E0D      	DECFSZ      R13, 1, 0
0x01AA	0xD7FE      	BRA         L_setup_pic178
0x01AC	0x2E0C      	DECFSZ      R12, 1, 0
0x01AE	0xD7FC      	BRA         L_setup_pic178
0x01B0	0x2E0B      	DECFSZ      R11, 1, 0
0x01B2	0xD7FA      	BRA         L_setup_pic178
;home_control.c,847 :: 		UART2_Init(9600);
0x01B4	0x86B9      	BSF         BAUDCON2, 3, 0
0x01B6	0x0E01      	MOVLW       1
0x01B8	0x6E7C      	MOVWF       SPBRGH2 
0x01BA	0x0EA0      	MOVLW       160
0x01BC	0x6E7B      	MOVWF       SPBRG2 
0x01BE	0x84BA      	BSF         TXSTA2, 2, 0
0x01C0	0xDF81      	RCALL       _UART2_Init
;home_control.c,848 :: 		delay_ms(1000);
0x01C2	0x0E15      	MOVLW       21
0x01C4	0x6E0B      	MOVWF       R11, 0
0x01C6	0x0E4B      	MOVLW       75
0x01C8	0x6E0C      	MOVWF       R12, 0
0x01CA	0x0EBE      	MOVLW       190
0x01CC	0x6E0D      	MOVWF       R13, 0
L_setup_pic179:
0x01CE	0x2E0D      	DECFSZ      R13, 1, 0
0x01D0	0xD7FE      	BRA         L_setup_pic179
0x01D2	0x2E0C      	DECFSZ      R12, 1, 0
0x01D4	0xD7FC      	BRA         L_setup_pic179
0x01D6	0x2E0B      	DECFSZ      R11, 1, 0
0x01D8	0xD7FA      	BRA         L_setup_pic179
0x01DA	0x0000      	NOP
;home_control.c,849 :: 		UART1_Write_Text("AT\r\n");
0x01DC	0x0E1D      	MOVLW       ?lstr69_home_control
0x01DE	0x6FD0      	MOVWF       FARG_UART1_Write_Text_uart_text, 1
0x01E0	0x0E00      	MOVLW       hi_addr(?lstr69_home_control)
0x01E2	0x6FD1      	MOVWF       FARG_UART1_Write_Text_uart_text+1, 1
0x01E4	0xDF9B      	RCALL       _UART1_Write_Text
;home_control.c,850 :: 		delay_ms(500);
0x01E6	0x0E0B      	MOVLW       11
0x01E8	0x6E0B      	MOVWF       R11, 0
0x01EA	0x0E26      	MOVLW       38
0x01EC	0x6E0C      	MOVWF       R12, 0
0x01EE	0x0E5D      	MOVLW       93
0x01F0	0x6E0D      	MOVWF       R13, 0
L_setup_pic180:
0x01F2	0x2E0D      	DECFSZ      R13, 1, 0
0x01F4	0xD7FE      	BRA         L_setup_pic180
0x01F6	0x2E0C      	DECFSZ      R12, 1, 0
0x01F8	0xD7FC      	BRA         L_setup_pic180
0x01FA	0x2E0B      	DECFSZ      R11, 1, 0
0x01FC	0xD7FA      	BRA         L_setup_pic180
0x01FE	0x0000      	NOP
0x0200	0x0000      	NOP
;home_control.c,853 :: 		delay_ms(250);
0x0202	0x0E06      	MOVLW       6
0x0204	0x6E0B      	MOVWF       R11, 0
0x0206	0x0E13      	MOVLW       19
0x0208	0x6E0C      	MOVWF       R12, 0
0x020A	0x0EAD      	MOVLW       173
0x020C	0x6E0D      	MOVWF       R13, 0
L_setup_pic181:
0x020E	0x2E0D      	DECFSZ      R13, 1, 0
0x0210	0xD7FE      	BRA         L_setup_pic181
0x0212	0x2E0C      	DECFSZ      R12, 1, 0
0x0214	0xD7FC      	BRA         L_setup_pic181
0x0216	0x2E0B      	DECFSZ      R11, 1, 0
0x0218	0xD7FA      	BRA         L_setup_pic181
0x021A	0x0000      	NOP
0x021C	0x0000      	NOP
;home_control.c,855 :: 		INTCON.GIE = 1;
0x021E	0x8EF2      	BSF         INTCON, 7 
;home_control.c,856 :: 		INTCON.PEIE = 1;
0x0220	0x8CF2      	BSF         INTCON, 6 
;home_control.c,857 :: 		PIE1.RCIE = 1;
0x0222	0x8A9D      	BSF         PIE1, 5 
;home_control.c,859 :: 		}
L_end_setup_pic:
0x0224	0x0012      	RETURN      0
; end of _setup_pic
_system_clock:
;home_control.c,763 :: 		void system_clock(){
;home_control.c,765 :: 		SystemTime.mils++;
0x0226	0x0E01      	MOVLW       1
0x0228	0x0101      	MOVLB       1
0x022A	0x25CE      	ADDWF       _SystemTime+12, 0, 1
0x022C	0x6E00      	MOVWF       R0 
0x022E	0x0E00      	MOVLW       0
0x0230	0x21CF      	ADDWFC      _SystemTime+13, 0, 1
0x0232	0x6E01      	MOVWF       R1 
0x0234	0xF1CEC000  	MOVFF       R0, _SystemTime+12
0x0238	0xF1CFC001  	MOVFF       R1, _SystemTime+13
;home_control.c,769 :: 		if (SystemTime.mils == 1000){
0x023C	0x51CF      	MOVF        _SystemTime+13, 0, 1
0x023E	0x0A03      	XORLW       3
0x0240	0xE102      	BNZ         L__system_clock267
0x0242	0x0EE8      	MOVLW       232
0x0244	0x19CE      	XORWF       _SystemTime+12, 0, 1
L__system_clock267:
0x0246	0xE120      	BNZ         L_system_clock169
;home_control.c,770 :: 		SystemTime.sec++;
0x0248	0x0E01      	MOVLW       1
0x024A	0x25CC      	ADDWF       _SystemTime+10, 0, 1
0x024C	0x6E00      	MOVWF       R0 
0x024E	0x0E00      	MOVLW       0
0x0250	0x21CD      	ADDWFC      _SystemTime+11, 0, 1
0x0252	0x6E01      	MOVWF       R1 
0x0254	0xF1CCC000  	MOVFF       R0, _SystemTime+10
0x0258	0xF1CDC001  	MOVFF       R1, _SystemTime+11
;home_control.c,771 :: 		SystemTime.mils = 0;
0x025C	0x6BCE      	CLRF        _SystemTime+12, 1
0x025E	0x6BCF      	CLRF        _SystemTime+13, 1
;home_control.c,772 :: 		if (Timer.connection_timer_buffer <= Timer.connection_timer){
0x0260	0x0E80      	MOVLW       128
0x0262	0x1831      	XORWF       _Timer+3, 0 
0x0264	0x6E00      	MOVWF       R0 
0x0266	0x0E80      	MOVLW       128
0x0268	0x182F      	XORWF       _Timer+1, 0 
0x026A	0x5C00      	SUBWF       R0, 0 
0x026C	0xE102      	BNZ         L__system_clock268
0x026E	0x502E      	MOVF        _Timer, 0 
0x0270	0x5C30      	SUBWF       _Timer+2, 0 
L__system_clock268:
0x0272	0xE30A      	BNC         L_system_clock170
;home_control.c,773 :: 		Timer.connection_timer_buffer++;
0x0274	0x0E01      	MOVLW       1
0x0276	0x242E      	ADDWF       _Timer, 0 
0x0278	0x6E00      	MOVWF       R0 
0x027A	0x0E00      	MOVLW       0
0x027C	0x202F      	ADDWFC      _Timer+1, 0 
0x027E	0x6E01      	MOVWF       R1 
0x0280	0xF02EC000  	MOVFF       R0, _Timer
0x0284	0xF02FC001  	MOVFF       R1, _Timer+1
;home_control.c,774 :: 		}
L_system_clock170:
;home_control.c,775 :: 		}
L_system_clock169:
;home_control.c,776 :: 		if (SystemTime.sec == 60){
0x0288	0x0E00      	MOVLW       0
0x028A	0x19CD      	XORWF       _SystemTime+11, 0, 1
0x028C	0xE102      	BNZ         L__system_clock269
0x028E	0x0E3C      	MOVLW       60
0x0290	0x19CC      	XORWF       _SystemTime+10, 0, 1
L__system_clock269:
0x0292	0xE10C      	BNZ         L_system_clock171
;home_control.c,777 :: 		SystemTime.min++;
0x0294	0x0E01      	MOVLW       1
0x0296	0x25CA      	ADDWF       _SystemTime+8, 0, 1
0x0298	0x6E00      	MOVWF       R0 
0x029A	0x0E00      	MOVLW       0
0x029C	0x21CB      	ADDWFC      _SystemTime+9, 0, 1
0x029E	0x6E01      	MOVWF       R1 
0x02A0	0xF1CAC000  	MOVFF       R0, _SystemTime+8
0x02A4	0xF1CBC001  	MOVFF       R1, _SystemTime+9
;home_control.c,778 :: 		SystemTime.sec = 0;
0x02A8	0x6BCC      	CLRF        _SystemTime+10, 1
0x02AA	0x6BCD      	CLRF        _SystemTime+11, 1
;home_control.c,779 :: 		}
L_system_clock171:
;home_control.c,780 :: 		if (SystemTime.min == 60){
0x02AC	0x0E00      	MOVLW       0
0x02AE	0x19CB      	XORWF       _SystemTime+9, 0, 1
0x02B0	0xE102      	BNZ         L__system_clock270
0x02B2	0x0E3C      	MOVLW       60
0x02B4	0x19CA      	XORWF       _SystemTime+8, 0, 1
L__system_clock270:
0x02B6	0xE10C      	BNZ         L_system_clock172
;home_control.c,781 :: 		SystemTime.hour++;
0x02B8	0x0E01      	MOVLW       1
0x02BA	0x25C8      	ADDWF       _SystemTime+6, 0, 1
0x02BC	0x6E00      	MOVWF       R0 
0x02BE	0x0E00      	MOVLW       0
0x02C0	0x21C9      	ADDWFC      _SystemTime+7, 0, 1
0x02C2	0x6E01      	MOVWF       R1 
0x02C4	0xF1C8C000  	MOVFF       R0, _SystemTime+6
0x02C8	0xF1C9C001  	MOVFF       R1, _SystemTime+7
;home_control.c,782 :: 		SystemTime.min = 0;
0x02CC	0x6BCA      	CLRF        _SystemTime+8, 1
0x02CE	0x6BCB      	CLRF        _SystemTime+9, 1
;home_control.c,783 :: 		}
L_system_clock172:
;home_control.c,784 :: 		if (SystemTime.hour == 24){
0x02D0	0x0E00      	MOVLW       0
0x02D2	0x19C9      	XORWF       _SystemTime+7, 0, 1
0x02D4	0xE102      	BNZ         L__system_clock271
0x02D6	0x0E18      	MOVLW       24
0x02D8	0x19C8      	XORWF       _SystemTime+6, 0, 1
L__system_clock271:
0x02DA	0xE10C      	BNZ         L_system_clock173
;home_control.c,785 :: 		SystemTime.day++;
0x02DC	0x0E01      	MOVLW       1
0x02DE	0x25C6      	ADDWF       _SystemTime+4, 0, 1
0x02E0	0x6E00      	MOVWF       R0 
0x02E2	0x0E00      	MOVLW       0
0x02E4	0x21C7      	ADDWFC      _SystemTime+5, 0, 1
0x02E6	0x6E01      	MOVWF       R1 
0x02E8	0xF1C6C000  	MOVFF       R0, _SystemTime+4
0x02EC	0xF1C7C001  	MOVFF       R1, _SystemTime+5
;home_control.c,786 :: 		SystemTime.hour = 0;
0x02F0	0x6BC8      	CLRF        _SystemTime+6, 1
0x02F2	0x6BC9      	CLRF        _SystemTime+7, 1
;home_control.c,787 :: 		}
L_system_clock173:
;home_control.c,788 :: 		if (SystemTime.day == DAYS_OF_MONTH[SystemTime.month]){
0x02F4	0xF000C1C4  	MOVFF       _SystemTime+2, R0
0x02F8	0xF001C1C5  	MOVFF       _SystemTime+3, R1
0x02FC	0x0E00      	MOVLW       0
0x02FE	0xBFC5      	BTFSC       _SystemTime+3, 7, 1
0x0300	0x0EFF      	MOVLW       255
0x0302	0x6E02      	MOVWF       R2 
0x0304	0x6E03      	MOVWF       R3 
0x0306	0x3600      	RLCF        R0, 1 
0x0308	0x9000      	BCF         R0, 0 
0x030A	0x3601      	RLCF        R1, 1 
0x030C	0x3602      	RLCF        R2, 1 
0x030E	0x3603      	RLCF        R3, 1 
0x0310	0x0E3C      	MOVLW       _DAYS_OF_MONTH
0x0312	0x2400      	ADDWF       R0, 0 
0x0314	0x6EF6      	MOVWF       4086 
0x0316	0x0E05      	MOVLW       hi_addr(_DAYS_OF_MONTH)
0x0318	0x2001      	ADDWFC      R1, 0 
0x031A	0x6EF7      	MOVWF       TBLPTRH 
0x031C	0x0E00      	MOVLW       higher_addr(_DAYS_OF_MONTH)
0x031E	0x2002      	ADDWFC      R2, 0 
0x0320	0x6EF8      	MOVWF       TBLPTRU 
0x0322	0x0009      	TBLRD*+
0x0324	0xF001CFF5  	MOVFF       TABLAT, R1
0x0328	0x0009      	TBLRD*+
0x032A	0xF002CFF5  	MOVFF       TABLAT, R2
0x032E	0x51C7      	MOVF        _SystemTime+5, 0, 1
0x0330	0x1802      	XORWF       R2, 0 
0x0332	0xE102      	BNZ         L__system_clock272
0x0334	0x5001      	MOVF        R1, 0 
0x0336	0x19C6      	XORWF       _SystemTime+4, 0, 1
L__system_clock272:
0x0338	0xE10C      	BNZ         L_system_clock174
;home_control.c,789 :: 		SystemTime.month++;
0x033A	0x0E01      	MOVLW       1
0x033C	0x25C4      	ADDWF       _SystemTime+2, 0, 1
0x033E	0x6E00      	MOVWF       R0 
0x0340	0x0E00      	MOVLW       0
0x0342	0x21C5      	ADDWFC      _SystemTime+3, 0, 1
0x0344	0x6E01      	MOVWF       R1 
0x0346	0xF1C4C000  	MOVFF       R0, _SystemTime+2
0x034A	0xF1C5C001  	MOVFF       R1, _SystemTime+3
;home_control.c,790 :: 		SystemTime.day = 0;
0x034E	0x6BC6      	CLRF        _SystemTime+4, 1
0x0350	0x6BC7      	CLRF        _SystemTime+5, 1
;home_control.c,791 :: 		}
L_system_clock174:
;home_control.c,792 :: 		if (SystemTime.month == 12){
0x0352	0x0E00      	MOVLW       0
0x0354	0x19C5      	XORWF       _SystemTime+3, 0, 1
0x0356	0xE102      	BNZ         L__system_clock273
0x0358	0x0E0C      	MOVLW       12
0x035A	0x19C4      	XORWF       _SystemTime+2, 0, 1
L__system_clock273:
0x035C	0xE10C      	BNZ         L_system_clock175
;home_control.c,793 :: 		SystemTime.year++;
0x035E	0x0E01      	MOVLW       1
0x0360	0x25C2      	ADDWF       _SystemTime, 0, 1
0x0362	0x6E00      	MOVWF       R0 
0x0364	0x0E00      	MOVLW       0
0x0366	0x21C3      	ADDWFC      _SystemTime+1, 0, 1
0x0368	0x6E01      	MOVWF       R1 
0x036A	0xF1C2C000  	MOVFF       R0, _SystemTime
0x036E	0xF1C3C001  	MOVFF       R1, _SystemTime+1
;home_control.c,794 :: 		SystemTime.month = 0;
0x0372	0x6BC4      	CLRF        _SystemTime+2, 1
0x0374	0x6BC5      	CLRF        _SystemTime+3, 1
;home_control.c,795 :: 		}
L_system_clock175:
;home_control.c,797 :: 		}
L_end_system_clock:
0x0376	0x0012      	RETURN      0
; end of _system_clock
_gprs_serial_interrupt:
;home_control.c,741 :: 		void gprs_serial_interrupt(){
;home_control.c,742 :: 		if (PIR2.RCIF){
0x0378	0xAAA1      	BTFSS       PIR2, 5 
0x037A	0xD04F      	BRA         L_gprs_serial_interrupt164
;home_control.c,744 :: 		if (network_data.index_2 >= sizeof(network_data.gprs_readLine)-3){
0x037C	0x0E80      	MOVLW       128
0x037E	0x0101      	MOVLB       1
0x0380	0x19BD      	XORWF       _Network_data+395, 0, 1
0x0382	0x6E00      	MOVWF       R0 
0x0384	0x0E80      	MOVLW       128
0x0386	0x5C00      	SUBWF       R0, 0 
0x0388	0xE102      	BNZ         L__gprs_serial_interrupt265
0x038A	0x0EC5      	MOVLW       197
0x038C	0x5DBC      	SUBWF       _Network_data+394, 0, 1
L__gprs_serial_interrupt265:
0x038E	0xE302      	BNC         L_gprs_serial_interrupt165
;home_control.c,746 :: 		network_data.index_2 = 0;
0x0390	0x6BBC      	CLRF        _Network_data+394, 1
0x0392	0x6BBD      	CLRF        _Network_data+395, 1
;home_control.c,747 :: 		}
L_gprs_serial_interrupt165:
;home_control.c,749 :: 		network_data.gprs_readLine[network_data.index_2] = UART1_Read();
0x0394	0x0EF0      	MOVLW       _Network_data+190
0x0396	0x25BC      	ADDWF       _Network_data+394, 0, 1
0x0398	0x6FD5      	MOVWF       FLOC__gprs_serial_interrupt, 1
0x039A	0x0E00      	MOVLW       hi_addr(_Network_data+190)
0x039C	0x21BD      	ADDWFC      _Network_data+395, 0, 1
0x039E	0x6FD6      	MOVWF       FLOC__gprs_serial_interrupt+1, 1
0x03A0	0xDED7      	RCALL       _UART1_Read
0x03A2	0xFFE1C1D5  	MOVFF       FLOC__gprs_serial_interrupt, FSR1L
0x03A6	0xFFE2C1D6  	MOVFF       FLOC__gprs_serial_interrupt+1, FSR1H
0x03AA	0xFFE6C000  	MOVFF       R0, POSTINC1
;home_control.c,751 :: 		if (network_data.gprs_readLine[network_data.index_2] == '\n' ||
0x03AE	0x0EF0      	MOVLW       _Network_data+190
0x03B0	0x0101      	MOVLB       1
0x03B2	0x25BC      	ADDWF       _Network_data+394, 0, 1
0x03B4	0x6EE9      	MOVWF       FSR0L 
0x03B6	0x0E00      	MOVLW       hi_addr(_Network_data+190)
0x03B8	0x21BD      	ADDWFC      _Network_data+395, 0, 1
0x03BA	0x6EEA      	MOVWF       FSR0H 
;home_control.c,752 :: 		network_data.gprs_readLine[network_data.index_2] == '\0' ||
0x03BC	0x50EE      	MOVF        POSTINC0, 0 
0x03BE	0x0A0A      	XORLW       10
0x03C0	0xE013      	BZ          L__gprs_serial_interrupt195
0x03C2	0x0EF0      	MOVLW       _Network_data+190
0x03C4	0x25BC      	ADDWF       _Network_data+394, 0, 1
0x03C6	0x6EE9      	MOVWF       FSR0L 
0x03C8	0x0E00      	MOVLW       hi_addr(_Network_data+190)
0x03CA	0x21BD      	ADDWFC      _Network_data+395, 0, 1
0x03CC	0x6EEA      	MOVWF       FSR0H 
0x03CE	0x50EE      	MOVF        POSTINC0, 0 
0x03D0	0x0A00      	XORLW       0
0x03D2	0xE00A      	BZ          L__gprs_serial_interrupt195
;home_control.c,753 :: 		network_data.gprs_readLine[network_data.index_2] == '\r' ) {
0x03D4	0x0EF0      	MOVLW       _Network_data+190
0x03D6	0x25BC      	ADDWF       _Network_data+394, 0, 1
0x03D8	0x6EE9      	MOVWF       FSR0L 
0x03DA	0x0E00      	MOVLW       hi_addr(_Network_data+190)
0x03DC	0x21BD      	ADDWFC      _Network_data+395, 0, 1
0x03DE	0x6EEA      	MOVWF       FSR0H 
0x03E0	0x50EE      	MOVF        POSTINC0, 0 
0x03E2	0x0A0D      	XORLW       13
0x03E4	0xE001      	BZ          L__gprs_serial_interrupt195
0x03E6	0xD00F      	BRA         L_gprs_serial_interrupt168
L__gprs_serial_interrupt195:
;home_control.c,755 :: 		network_data.isGprsInputReady = TRUE;
0x03E8	0x0E01      	MOVLW       1
0x03EA	0x6FB9      	MOVWF       _Network_data+391, 1
;home_control.c,756 :: 		network_data.gprs_readLine[network_data.index_2+1] = '\0';
0x03EC	0x0E01      	MOVLW       1
0x03EE	0x25BC      	ADDWF       _Network_data+394, 0, 1
0x03F0	0x6E00      	MOVWF       R0 
0x03F2	0x0E00      	MOVLW       0
0x03F4	0x21BD      	ADDWFC      _Network_data+395, 0, 1
0x03F6	0x6E01      	MOVWF       R1 
0x03F8	0x0EF0      	MOVLW       _Network_data+190
0x03FA	0x2400      	ADDWF       R0, 0 
0x03FC	0x6EE1      	MOVWF       FSR1L 
0x03FE	0x0E00      	MOVLW       hi_addr(_Network_data+190)
0x0400	0x2001      	ADDWFC      R1, 0 
0x0402	0x6EE2      	MOVWF       FSR1H 
0x0404	0x6AE6      	CLRF        POSTINC1 
;home_control.c,757 :: 		}
L_gprs_serial_interrupt168:
;home_control.c,759 :: 		network_data.index_2++;
0x0406	0x0E01      	MOVLW       1
0x0408	0x25BC      	ADDWF       _Network_data+394, 0, 1
0x040A	0x6E00      	MOVWF       R0 
0x040C	0x0E00      	MOVLW       0
0x040E	0x21BD      	ADDWFC      _Network_data+395, 0, 1
0x0410	0x6E01      	MOVWF       R1 
0x0412	0xF1BCC000  	MOVFF       R0, _Network_data+394
0x0416	0xF1BDC001  	MOVFF       R1, _Network_data+395
;home_control.c,760 :: 		}
L_gprs_serial_interrupt164:
;home_control.c,761 :: 		}
L_end_gprs_serial_interrupt:
0x041A	0x0012      	RETURN      0
; end of _gprs_serial_interrupt
_wifi_serial_interrupt:
;home_control.c,718 :: 		void wifi_serial_interrupt(){
;home_control.c,720 :: 		if (PIR1.RCIF ) {          // test the interrupt for uart rx
0x041C	0xAA9E      	BTFSS       PIR1, 5 
0x041E	0xD04F      	BRA         L_wifi_serial_interrupt159
;home_control.c,722 :: 		if (network_data.index_1 >= sizeof(network_data.wifi_readLine)-3){
0x0420	0x0E80      	MOVLW       128
0x0422	0x0101      	MOVLB       1
0x0424	0x19BB      	XORWF       _Network_data+393, 0, 1
0x0426	0x6E00      	MOVWF       R0 
0x0428	0x0E80      	MOVLW       128
0x042A	0x5C00      	SUBWF       R0, 0 
0x042C	0xE102      	BNZ         L__wifi_serial_interrupt263
0x042E	0x0E61      	MOVLW       97
0x0430	0x5DBA      	SUBWF       _Network_data+392, 0, 1
L__wifi_serial_interrupt263:
0x0432	0xE302      	BNC         L_wifi_serial_interrupt160
;home_control.c,724 :: 		network_data.index_1 = 0;
0x0434	0x6BBA      	CLRF        _Network_data+392, 1
0x0436	0x6BBB      	CLRF        _Network_data+393, 1
;home_control.c,725 :: 		}
L_wifi_serial_interrupt160:
;home_control.c,727 :: 		network_data.wifi_readLine[network_data.index_1] = UART1_Read();
0x0438	0x0E8C      	MOVLW       _Network_data+90
0x043A	0x25BA      	ADDWF       _Network_data+392, 0, 1
0x043C	0x6FD5      	MOVWF       FLOC__wifi_serial_interrupt, 1
0x043E	0x0E00      	MOVLW       hi_addr(_Network_data+90)
0x0440	0x21BB      	ADDWFC      _Network_data+393, 0, 1
0x0442	0x6FD6      	MOVWF       FLOC__wifi_serial_interrupt+1, 1
0x0444	0xDE85      	RCALL       _UART1_Read
0x0446	0xFFE1C1D5  	MOVFF       FLOC__wifi_serial_interrupt, FSR1L
0x044A	0xFFE2C1D6  	MOVFF       FLOC__wifi_serial_interrupt+1, FSR1H
0x044E	0xFFE6C000  	MOVFF       R0, POSTINC1
;home_control.c,729 :: 		if (network_data.wifi_readLine[network_data.index_1] == '\n' ||
0x0452	0x0E8C      	MOVLW       _Network_data+90
0x0454	0x0101      	MOVLB       1
0x0456	0x25BA      	ADDWF       _Network_data+392, 0, 1
0x0458	0x6EE9      	MOVWF       FSR0L 
0x045A	0x0E00      	MOVLW       hi_addr(_Network_data+90)
0x045C	0x21BB      	ADDWFC      _Network_data+393, 0, 1
0x045E	0x6EEA      	MOVWF       FSR0H 
;home_control.c,730 :: 		network_data.wifi_readLine[network_data.index_1] == '\0' ||
0x0460	0x50EE      	MOVF        POSTINC0, 0 
0x0462	0x0A0A      	XORLW       10
0x0464	0xE013      	BZ          L__wifi_serial_interrupt194
0x0466	0x0E8C      	MOVLW       _Network_data+90
0x0468	0x25BA      	ADDWF       _Network_data+392, 0, 1
0x046A	0x6EE9      	MOVWF       FSR0L 
0x046C	0x0E00      	MOVLW       hi_addr(_Network_data+90)
0x046E	0x21BB      	ADDWFC      _Network_data+393, 0, 1
0x0470	0x6EEA      	MOVWF       FSR0H 
0x0472	0x50EE      	MOVF        POSTINC0, 0 
0x0474	0x0A00      	XORLW       0
0x0476	0xE00A      	BZ          L__wifi_serial_interrupt194
;home_control.c,731 :: 		network_data.wifi_readLine[network_data.index_1] == '\r' ) {
0x0478	0x0E8C      	MOVLW       _Network_data+90
0x047A	0x25BA      	ADDWF       _Network_data+392, 0, 1
0x047C	0x6EE9      	MOVWF       FSR0L 
0x047E	0x0E00      	MOVLW       hi_addr(_Network_data+90)
0x0480	0x21BB      	ADDWFC      _Network_data+393, 0, 1
0x0482	0x6EEA      	MOVWF       FSR0H 
0x0484	0x50EE      	MOVF        POSTINC0, 0 
0x0486	0x0A0D      	XORLW       13
0x0488	0xE001      	BZ          L__wifi_serial_interrupt194
0x048A	0xD00F      	BRA         L_wifi_serial_interrupt163
L__wifi_serial_interrupt194:
;home_control.c,733 :: 		network_data.isWifiInputReady = TRUE;
0x048C	0x0E01      	MOVLW       1
0x048E	0x6FB8      	MOVWF       _Network_data+390, 1
;home_control.c,734 :: 		network_data.wifi_readLine[network_data.index_1+1] = '\0';
0x0490	0x0E01      	MOVLW       1
0x0492	0x25BA      	ADDWF       _Network_data+392, 0, 1
0x0494	0x6E00      	MOVWF       R0 
0x0496	0x0E00      	MOVLW       0
0x0498	0x21BB      	ADDWFC      _Network_data+393, 0, 1
0x049A	0x6E01      	MOVWF       R1 
0x049C	0x0E8C      	MOVLW       _Network_data+90
0x049E	0x2400      	ADDWF       R0, 0 
0x04A0	0x6EE1      	MOVWF       FSR1L 
0x04A2	0x0E00      	MOVLW       hi_addr(_Network_data+90)
0x04A4	0x2001      	ADDWFC      R1, 0 
0x04A6	0x6EE2      	MOVWF       FSR1H 
0x04A8	0x6AE6      	CLRF        POSTINC1 
;home_control.c,735 :: 		}
L_wifi_serial_interrupt163:
;home_control.c,737 :: 		network_data.index_1++;
0x04AA	0x0E01      	MOVLW       1
0x04AC	0x25BA      	ADDWF       _Network_data+392, 0, 1
0x04AE	0x6E00      	MOVWF       R0 
0x04B0	0x0E00      	MOVLW       0
0x04B2	0x21BB      	ADDWFC      _Network_data+393, 0, 1
0x04B4	0x6E01      	MOVWF       R1 
0x04B6	0xF1BAC000  	MOVFF       R0, _Network_data+392
0x04BA	0xF1BBC001  	MOVFF       R1, _Network_data+393
;home_control.c,738 :: 		}
L_wifi_serial_interrupt159:
;home_control.c,739 :: 		}
L_end_wifi_serial_interrupt:
0x04BE	0x0012      	RETURN      0
; end of _wifi_serial_interrupt
___CC2DW:
;__Lib_System.c,21 :: 		
;__Lib_System.c,23 :: 		
_CC2DL_Loop1:
;__Lib_System.c,24 :: 		
0x04C0	0x0009      	TBLRD*+
;__Lib_System.c,25 :: 		
0x04C2	0xFFE6CFF5  	MOVFF       TABLAT, POSTINC1
;__Lib_System.c,26 :: 		
0x04C6	0x0600      	DECF        R0, 1, 0
;__Lib_System.c,27 :: 		
0x04C8	0xE1FB      	BNZ         _CC2DL_Loop1
;__Lib_System.c,28 :: 		
0x04CA	0x0601      	DECF        R1, 1, 0
;__Lib_System.c,29 :: 		
0x04CC	0xE1F9      	BNZ         _CC2DL_Loop1
;__Lib_System.c,31 :: 		
L_end___CC2DW:
0x04CE	0x0012      	RETURN      0
; end of ___CC2DW
_setup:
;home_control.c,910 :: 		void setup(){
;home_control.c,912 :: 		setup_pic();        // Registers, interfaces
0x04D0	0xDE48      	RCALL       _setup_pic
;home_control.c,917 :: 		}
L_end_setup:
0x04D2	0x0012      	RETURN      0
; end of _setup
_main:
0x04D4	0x0E41      	MOVLW       65
0x04D6	0x6E1D      	MOVWF       ?lstr69_home_control 
0x04D8	0x0E54      	MOVLW       84
0x04DA	0x6E1E      	MOVWF       30 
0x04DC	0x0E0D      	MOVLW       13
0x04DE	0x6E1F      	MOVWF       31 
0x04E0	0x0E0A      	MOVLW       10
0x04E2	0x6E20      	MOVWF       32 
0x04E4	0x6A21      	CLRF        33 
;home_control.c,919 :: 		void main() {
;home_control.c,921 :: 		setup();
0x04E6	0xDFF4      	RCALL       _setup
;home_control.c,923 :: 		while (1){
L_main185:
;home_control.c,925 :: 		PORTB = 0b11111111;
0x04E8	0x0EFF      	MOVLW       255
0x04EA	0x6E81      	MOVWF       PORTB 
;home_control.c,926 :: 		PORTC = 0b11111111;
0x04EC	0x0EFF      	MOVLW       255
0x04EE	0x6E82      	MOVWF       PORTC 
;home_control.c,927 :: 		PORTD = 0b11111111;
0x04F0	0x0EFF      	MOVLW       255
0x04F2	0x6E83      	MOVWF       PORTD 
;home_control.c,928 :: 		PORTA = 0b11111111;
0x04F4	0x0EFF      	MOVLW       255
0x04F6	0x6E80      	MOVWF       PORTA 
;home_control.c,929 :: 		delay_ms(500);
0x04F8	0x0E0B      	MOVLW       11
0x04FA	0x6E0B      	MOVWF       R11, 0
0x04FC	0x0E26      	MOVLW       38
0x04FE	0x6E0C      	MOVWF       R12, 0
0x0500	0x0E5D      	MOVLW       93
0x0502	0x6E0D      	MOVWF       R13, 0
L_main187:
0x0504	0x2E0D      	DECFSZ      R13, 1, 0
0x0506	0xD7FE      	BRA         L_main187
0x0508	0x2E0C      	DECFSZ      R12, 1, 0
0x050A	0xD7FC      	BRA         L_main187
0x050C	0x2E0B      	DECFSZ      R11, 1, 0
0x050E	0xD7FA      	BRA         L_main187
0x0510	0x0000      	NOP
0x0512	0x0000      	NOP
;home_control.c,930 :: 		PORTB = 0;
0x0514	0x6A81      	CLRF        PORTB 
;home_control.c,931 :: 		PORTC = 0;
0x0516	0x6A82      	CLRF        PORTC 
;home_control.c,932 :: 		PORTD = 0;
0x0518	0x6A83      	CLRF        PORTD 
;home_control.c,933 :: 		PORTA = 0;
0x051A	0x6A80      	CLRF        PORTA 
;home_control.c,934 :: 		delay_ms(500);
0x051C	0x0E0B      	MOVLW       11
0x051E	0x6E0B      	MOVWF       R11, 0
0x0520	0x0E26      	MOVLW       38
0x0522	0x6E0C      	MOVWF       R12, 0
0x0524	0x0E5D      	MOVLW       93
0x0526	0x6E0D      	MOVWF       R13, 0
L_main188:
0x0528	0x2E0D      	DECFSZ      R13, 1, 0
0x052A	0xD7FE      	BRA         L_main188
0x052C	0x2E0C      	DECFSZ      R12, 1, 0
0x052E	0xD7FC      	BRA         L_main188
0x0530	0x2E0B      	DECFSZ      R11, 1, 0
0x0532	0xD7FA      	BRA         L_main188
0x0534	0x0000      	NOP
0x0536	0x0000      	NOP
;home_control.c,941 :: 		}
0x0538	0xD7D7      	BRA         L_main185
;home_control.c,943 :: 		}
L_end_main:
0x053A	0xD7FF      	BRA         $+0
; end of _main
;home_control.c,38 :: _DAYS_OF_MONTH
0x053C	0x001F ;_DAYS_OF_MONTH+0
0x053E	0x001C ;_DAYS_OF_MONTH+2
0x0540	0x001F ;_DAYS_OF_MONTH+4
0x0542	0x001E ;_DAYS_OF_MONTH+6
0x0544	0x001F ;_DAYS_OF_MONTH+8
0x0546	0x001E ;_DAYS_OF_MONTH+10
0x0548	0x001F ;_DAYS_OF_MONTH+12
0x054A	0x001F ;_DAYS_OF_MONTH+14
0x054C	0x001E ;_DAYS_OF_MONTH+16
0x054E	0x001F ;_DAYS_OF_MONTH+18
0x0550	0x001E ;_DAYS_OF_MONTH+20
0x0552	0x001F ;_DAYS_OF_MONTH+22
; end of _DAYS_OF_MONTH
Symbol List:
//** Routines locations **
//ADDRESS    SIZE    PROCEDURE
//----------------------------------------------
0x0008      [86]    _Interrupt
0x005E      [14]    _UART1_Write
0x006C      [88]    _UART1_Init
0x00C4      [88]    _UART2_Init
0x011C      [52]    _UART1_Write_Text
0x0150      [18]    _UART1_Read
0x0162     [196]    _setup_pic
0x0226     [338]    _system_clock
0x0378     [164]    _gprs_serial_interrupt
0x041C     [164]    _wifi_serial_interrupt
0x04C0      [16]    ___CC2DW
0x04D0       [4]    _setup
0x04D4     [104]    _main
//** Variables locations ** 
//ADDRESS    SIZE    VARIABLE
//----------------------------------------------
0x0000       [1]    UART2_Init_tmp_L0
0x0000       [1]    R0
0x0000       [1]    UART1_Init_tmp_L0
0x0000       [1]    EEPROM_Write_SaveINTCON_L0
0x0000       [1]    SPI1_Write_tmp_L0
0x0001       [1]    ispunct_rslt_L0
0x0001       [1]    UART2_Read___tmp_UART2_Read_L0
0x0001       [1]    R1
0x0001       [1]    UART1_Read___tmp_UART1_Read_L0
0x0002       [2]    strlen_cp_L0
0x0002       [2]    memcpy_dd_L0
0x0002       [2]    memchr_s_L0
0x0002       [1]    R2
0x0002       [2]    memset_pp_L0
0x0003       [2]    memmove_tt_L0
0x0003       [2]    Ltrim_original_L0
0x0003       [1]    R3
0x0004       [2]    strcat_cp_L0
0x0004       [2]    memcpy_ss_L0
0x0004       [1]    R4
0x0004       [2]    strncpy_cp_L0
0x0004       [2]    strcpy_cp_L0
0x0004       [2]    strncat_cp_L0
0x0005       [2]    memmove_ff_L0
0x0005       [2]    LongIntToHex_input_half_L0
0x0005       [1]    R5
0x0005       [2]    LongWordToHex_input_half_L0
0x0005       [2]    Ltrim_p_L0
0x0006       [1]    R6
0x0007       [1]    R7
0x0008       [1]    R8
0x0009       [1]    R9
0x000A       [1]    R10
0x000B       [1]    R11
0x000C       [1]    R12
0x000D       [1]    R13
0x000E       [1]    R14
0x000F       [1]    R15
0x0010       [1]    R16
0x0011       [1]    R17
0x0012       [1]    R18
0x0013       [1]    R19
0x0014       [1]    R20
0x001D       [5]    ?lstr69_home_control
0x0022       [4]    _UART_Rd_Ptr
0x0026       [4]    _UART_Rdy_Ptr
0x002A       [4]    _UART_Wr_Ptr
0x002E       [4]    _Timer
0x0032     [396]    _Network_data
0x01BE       [4]    _UART_Tx_Idle_Ptr
0x01C2      [14]    _SystemTime
0x01D0       [2]    FARG_UART1_Write_Text_uart_text
0x01D2       [1]    UART1_Write_Text_data__L0
0x01D3       [1]    UART1_Write_Text_counter_L0
0x01D4       [1]    FARG_UART1_Write_data_
0x01D5       [2]    FLOC__gprs_serial_interrupt
0x01D5       [2]    FLOC__wifi_serial_interrupt
0x0F5C       [1]    ANCON1
0x0F5D       [1]    ANCON0
0x0F7A       [1]    RCREG2
0x0F7B       [1]    SPBRG2
0x0F7C       [1]    SPBRGH2
0x0F80       [1]    PORTA
0x0F81       [1]    PORTB
0x0F82       [1]    PORTC
0x0F83       [1]    PORTD
0x0F92       [1]    TRISA
0x0F93       [1]    TRISB
0x0F94       [0]    TRISC6_bit
0x0F94       [0]    TRISC7_bit
0x0F94       [1]    TRISC
0x0F95       [1]    TRISD
0x0F95       [0]    TRISD7_bit
0x0F95       [0]    TRISD6_bit
0x0F9D       [1]    PIE1
0x0F9E       [1]    PIR1
0x0FA1       [1]    PIR2
0x0FA4       [0]    RC2IF_bit
0x0FA6       [1]    RCSTA2
0x0FAB       [1]    RCSTA
0x0FAC       [1]    TXSTA
0x0FAD       [1]    TXREG
0x0FAE       [1]    RCREG
0x0FAF       [1]    SPBRG
0x0FB9       [1]    BAUDCON2
0x0FBA       [1]    TXSTA2
0x0FD6       [1]    TMR0L
0x0FD7       [1]    TMR0H
0x0FD8       [1]    STATUS
0x0FD9       [1]    FSR2L
0x0FDA       [1]    FSR2H
0x0FDE       [1]    POSTINC2
0x0FE0       [1]    BSR
0x0FE1       [1]    FSR1L
0x0FE2       [1]    FSR1H
0x0FE4       [1]    PREINC1
0x0FE6       [1]    POSTINC1
0x0FE7       [1]    INDF1
0x0FE8       [1]    WREG
0x0FE9       [1]    FSR0L
0x0FEA       [1]    FSR0H
0x0FEE       [1]    POSTINC0
0x0FF2       [1]    INTCON
0x0FF2       [0]    TMR0IF_bit
0x0FF3       [1]    PRODL
0x0FF4       [1]    PRODH
0x0FF5       [1]    TABLAT
0x0FF6       [1]    TBLPTRL
0x0FF7       [1]    TBLPTRH
0x0FF8       [1]    TBLPTRU
//** Constants locations ** 
//ADDRESS    SIZE    CONSTANT
//----------------------------------------------
0x053C      [24]    _DAYS_OF_MONTH
