2016-12-28 10:55:27,258 [INFO] -----------------------Starting build-----------------------
2016-12-28 10:55:27,334 [INFO] Running configSets: _OnInstanceBoot
2016-12-28 10:55:27,335 [INFO] Running configSet _OnInstanceBoot
2016-12-28 10:55:27,344 [INFO] Running config AWSEBBaseConfig
2016-12-28 10:55:27,379 [INFO] Command clearbackupfiles succeeded
2016-12-28 10:55:27,394 [INFO] Running config AWSEBMessageOfTheDay
2016-12-28 10:55:27,420 [INFO] Command 01clearoriginal succeeded
2016-12-28 10:55:27,446 [INFO] Command 02createbanner succeeded
2016-12-28 10:55:27,496 [INFO] Command 03updatebanner succeeded
2016-12-28 10:55:27,512 [INFO] Running config AWSEBULimitConfig
2016-12-28 10:55:27,530 [INFO] Command 00removebackup succeeded
2016-12-28 10:55:27,543 [INFO] Running config Infra-InstallContainerHooksPkg
2016-12-28 10:55:27,559 [INFO] Command 00mkdir succeeded
2016-12-28 10:55:27,774 [INFO] Command 01download_container_hooks succeeded
2016-12-28 10:55:27,801 [INFO] Command 02install_container_hooks succeeded
2016-12-28 10:55:27,817 [INFO] Command 03cleanup succeeded
2016-12-28 10:55:27,850 [INFO] Running config Infra-WriteLeaderTestScript
2016-12-28 10:55:27,862 [INFO] Running config Infra-WriteTailLogsConf
2016-12-28 10:55:27,882 [INFO] Running config Infra-WriteSystemTailLogsConf
2016-12-28 10:55:27,907 [INFO] Running config Infra-WriteBundleLogsConf
2016-12-28 10:55:27,918 [INFO] Running config Infra-WritePublishLogsConf
2016-12-28 10:55:27,925 [INFO] Running config Infra-WritePublishLogsCron
2016-12-28 10:55:27,930 [INFO] ConfigSets completed
2016-12-28 10:55:28,044 [INFO] -----------------------Build complete-----------------------
2016-12-28 10:56:25,083 [INFO] -----------------------Starting build-----------------------
2016-12-28 10:56:25,117 [INFO] Running configSets: Infra-EmbeddedPreBuild
2016-12-28 10:56:25,118 [INFO] Running configSet Infra-EmbeddedPreBuild
2016-12-28 10:56:25,119 [INFO] ConfigSets completed
2016-12-28 10:56:25,135 [INFO] -----------------------Build complete-----------------------
2016-12-28 10:56:27,749 [INFO] -----------------------Starting build-----------------------
2016-12-28 10:56:27,791 [INFO] Running configSets: Infra-EmbeddedPostBuild
2016-12-28 10:56:27,793 [INFO] Running configSet Infra-EmbeddedPostBuild
2016-12-28 10:56:27,793 [INFO] ConfigSets completed
2016-12-28 10:56:27,801 [INFO] -----------------------Build complete-----------------------
