[2016-12-28T10:55:31.764Z] INFO  [1766]  - [Initialization] : Starting activity...
[2016-12-28T10:55:31.764Z] INFO  [1766]  - [Initialization/AddonsBefore] : Starting activity...
[2016-12-28T10:55:31.764Z] INFO  [1766]  - [Initialization/AddonsBefore] : Completed activity.
[2016-12-28T10:55:31.764Z] INFO  [1766]  - [Initialization/PreInitStage0] : Starting activity...
[2016-12-28T10:55:31.764Z] INFO  [1766]  - [Initialization/PreInitStage0/InfraWriteConfig] : Starting activity...
[2016-12-28T10:55:31.768Z] INFO  [1766]  - [Initialization/PreInitStage0/InfraWriteConfig] : Completed activity. Result:
  Recreated directory /opt/elasticbeanstalk/deploy/configuration/.
  Generate appsource url file at /opt/elasticbeanstalk/deploy/configuration/appsourceurl.
  Generate container config file at /opt/elasticbeanstalk/deploy/configuration/containerconfiguration.
[2016-12-28T10:55:31.769Z] INFO  [1766]  - [Initialization/PreInitStage0/DownloadSourceBundle] : Starting activity...
[2016-12-28T10:55:32.659Z] INFO  [1766]  - [Initialization/PreInitStage0/DownloadSourceBundle] : Completed activity. Result:
  [2016-12-28T10:55:31.982Z] INFO  [1782]  : Application version will be saved to /opt/elasticbeanstalk/deploy/appsource.
  [2016-12-28T10:55:31.982Z] INFO  [1782]  : Using manifest cache with deployment ID 1 and serial 1.
  [2016-12-28T10:55:31.982Z] INFO  [1782]  : Attempting to download application source bundle to: '/opt/elasticbeanstalk/deploy/appsource/source_bundle'.
  [2016-12-28T10:55:31.983Z] INFO  [1782]  : Using computed s3 key.
  [2016-12-28T10:55:32.224Z] INFO  [1782]  : Downloading from bucket 'elasticbeanstalk-eu-west-1-305362053369' with key 'resources/environments/e-6ptkmqijch/_runtime/_versions/jtech-device-session/jtech-device-session-v2' and version '' to '/opt/elasticbeanstalk/deploy/appsource/source_bundle'.
  [2016-12-28T10:55:32.311Z] INFO  [1782]  : Size: 16741430, ETag: "bc40dfc6b8bd34f0fae633cd4a9ca621", Metadata: {"environmentid"=>"e-6ptkmqijch", "requestid"=>"df044b09-cceb-11e6-9258-8f573c8fd509"}.
  [2016-12-28T10:55:32.645Z] INFO  [1782]  : Downloaded size: 16741430.
  [2016-12-28T10:55:32.645Z] INFO  [1782]  : Successfully downloaded to '/opt/elasticbeanstalk/deploy/appsource/source_bundle'.
[2016-12-28T10:55:32.659Z] INFO  [1766]  - [Initialization/PreInitStage0/PreInitHook] : Starting activity...
[2016-12-28T10:55:32.660Z] INFO  [1766]  - [Initialization/PreInitStage0/PreInitHook/01_install_dependencies.sh] : Starting activity...
[2016-12-28T10:55:32.851Z] INFO  [1766]  - [Initialization/PreInitStage0/PreInitHook/01_install_dependencies.sh] : Completed activity.
[2016-12-28T10:55:32.852Z] INFO  [1766]  - [Initialization/PreInitStage0/PreInitHook/01_install_procfile.sh] : Starting activity...
[2016-12-28T10:55:33.037Z] INFO  [1766]  - [Initialization/PreInitStage0/PreInitHook/01_install_procfile.sh] : Completed activity.
[2016-12-28T10:55:33.038Z] INFO  [1766]  - [Initialization/PreInitStage0/PreInitHook/01_install_proxy.sh] : Starting activity...
[2016-12-28T10:55:33.232Z] INFO  [1766]  - [Initialization/PreInitStage0/PreInitHook/01_install_proxy.sh] : Completed activity.
[2016-12-28T10:55:33.232Z] INFO  [1766]  - [Initialization/PreInitStage0/PreInitHook/01_install_xray_daemon.sh] : Starting activity...
[2016-12-28T10:55:33.464Z] INFO  [1766]  - [Initialization/PreInitStage0/PreInitHook/01_install_xray_daemon.sh] : Completed activity. Result:
  Executing: /bin/chown -R xray:xray /var/log/xray
  
[2016-12-28T10:55:33.465Z] INFO  [1766]  - [Initialization/PreInitStage0/PreInitHook] : Completed activity. Result:
  Successfully execute hooks in directory /opt/elasticbeanstalk/hooks/preinit.
[2016-12-28T10:55:33.465Z] INFO  [1766]  - [Initialization/PreInitStage0] : Completed activity. Result:
  Initialization - Command CMD-PreInit stage 0 completed
[2016-12-28T10:55:33.465Z] INFO  [1766]  - [Initialization/AddonsAfter] : Starting activity...
[2016-12-28T10:55:33.466Z] INFO  [1766]  - [Initialization/AddonsAfter/InstallCWLAgent] : Starting activity...
[2016-12-28T10:55:33.466Z] INFO  [1766]  - [Initialization/AddonsAfter/InstallCWLAgent/01-install-cwl-agent.sh] : Starting activity...
[2016-12-28T10:55:47.842Z] INFO  [1766]  - [Initialization/AddonsAfter/InstallCWLAgent/01-install-cwl-agent.sh] : Completed activity. Result:
  + yum install -y awslogs
  Loaded plugins: priorities, update-motd, upgrade-helper
  Resolving Dependencies
  --> Running transaction check
  ---> Package awslogs.noarch 0:1.1.2-1.10.amzn1 will be installed
  --> Processing Dependency: aws-cli-plugin-cloudwatch-logs(python27) for package: awslogs-1.1.2-1.10.amzn1.noarch
  --> Running transaction check
  ---> Package aws-cli-plugin-cloudwatch-logs.noarch 0:1.3.3-1.15.amzn1 will be installed
  --> Finished Dependency Resolution
  
  Dependencies Resolved
  
  ================================================================================
   Package                          Arch     Version            Repository   Size
  ================================================================================
  Installing:
   awslogs                          noarch   1.1.2-1.10.amzn1   amzn-main   8.8 k
  Installing for dependencies:
   aws-cli-plugin-cloudwatch-logs   noarch   1.3.3-1.15.amzn1   amzn-main    69 k
  
  Transaction Summary
  ================================================================================
  Install  1 Package (+1 Dependent package)
  
  Total download size: 78 k
  Installed size: 240 k
  Downloading packages:
  --------------------------------------------------------------------------------
  Total                                              2.6 MB/s |  78 kB  00:00     
  Running transaction check
  Running transaction test
  Transaction test succeeded
  Running transaction
    Installing : aws-cli-plugin-cloudwatch-logs-1.3.3-1.15.amzn1.noarch       1/2 
    Installing : awslogs-1.1.2-1.10.amzn1.noarch                              2/2 
    Verifying  : awslogs-1.1.2-1.10.amzn1.noarch                              1/2 
    Verifying  : aws-cli-plugin-cloudwatch-logs-1.3.3-1.15.amzn1.noarch       2/2 
  
  Installed:
    awslogs.noarch 0:1.1.2-1.10.amzn1                                             
  
  Dependency Installed:
    aws-cli-plugin-cloudwatch-logs.noarch 0:1.3.3-1.15.amzn1                      
  
  Complete!
  + cat
  + /opt/elasticbeanstalk/bin/log-conf -n awslogs -l/var/log/awslogs.log
  ++ sed 's/.$//'
  ++ curl 169.254.169.254/latest/meta-data/placement/availability-zone
    % Total    % Received % Xferd  Average Speed   Time    Time     Time  Current
                                   Dload  Upload   Total   Spent    Left  Speed
    0     0    0     0    0     0      0      0 --:--:-- --:--:-- --:--:--     0100    10  100    10    0     0   2255      0 --:--:-- --:--:-- --:--:--  2500
  + region=eu-west-1
  + sed -i -e 's/region = us-east-1/region = eu-west-1/g' /etc/awslogs/awscli.conf
[2016-12-28T10:55:47.843Z] INFO  [1766]  - [Initialization/AddonsAfter/InstallCWLAgent] : Completed activity. Result:
  Successfully execute hooks in directory /opt/elasticbeanstalk/addons/logstreaming/hooks/install.
[2016-12-28T10:55:47.843Z] INFO  [1766]  - [Initialization/AddonsAfter] : Completed activity.
[2016-12-28T10:55:47.843Z] INFO  [1766]  - [Initialization] : Completed activity. Result:
  Initialization - Command CMD-PreInit succeeded
[2016-12-28T10:56:24.239Z] INFO  [1950]  - [Application deployment jtech-device-session-v2@1] : Starting activity...
[2016-12-28T10:56:24.239Z] INFO  [1950]  - [Application deployment jtech-device-session-v2@1/AddonsBefore] : Starting activity...
[2016-12-28T10:56:24.239Z] INFO  [1950]  - [Application deployment jtech-device-session-v2@1/AddonsBefore] : Completed activity.
[2016-12-28T10:56:24.655Z] INFO  [1950]  - [Application deployment jtech-device-session-v2@1/StartupStage0] : Starting activity...
[2016-12-28T10:56:24.655Z] INFO  [1950]  - [Application deployment jtech-device-session-v2@1/StartupStage0/HealthdLogRotation] : Starting activity...
[2016-12-28T10:56:24.668Z] INFO  [1950]  - [Application deployment jtech-device-session-v2@1/StartupStage0/HealthdLogRotation] : Completed activity. Result:
  ["/etc/cron.hourly/cron.logrotate.elasticbeanstalk.healthd.conf"]
[2016-12-28T10:56:24.668Z] INFO  [1950]  - [Application deployment jtech-device-session-v2@1/StartupStage0/HealthdHTTPDLogging] : Starting activity...
[2016-12-28T10:56:24.668Z] INFO  [1950]  - [Application deployment jtech-device-session-v2@1/StartupStage0/HealthdHTTPDLogging] : Completed activity.
[2016-12-28T10:56:24.668Z] INFO  [1950]  - [Application deployment jtech-device-session-v2@1/StartupStage0/HealthdNginxLogging] : Starting activity...
[2016-12-28T10:56:24.669Z] INFO  [1950]  - [Application deployment jtech-device-session-v2@1/StartupStage0/HealthdNginxLogging] : Completed activity.
[2016-12-28T10:56:24.669Z] INFO  [1950]  - [Application deployment jtech-device-session-v2@1/StartupStage0/EbExtensionPreBuild] : Starting activity...
[2016-12-28T10:56:25.118Z] INFO  [1950]  - [Application deployment jtech-device-session-v2@1/StartupStage0/EbExtensionPreBuild/Infra-EmbeddedPreBuild] : Starting activity...
[2016-12-28T10:56:25.119Z] INFO  [1950]  - [Application deployment jtech-device-session-v2@1/StartupStage0/EbExtensionPreBuild/Infra-EmbeddedPreBuild] : Completed activity.
[2016-12-28T10:56:25.160Z] INFO  [1950]  - [Application deployment jtech-device-session-v2@1/StartupStage0/EbExtensionPreBuild] : Completed activity.
[2016-12-28T10:56:25.160Z] INFO  [1950]  - [Application deployment jtech-device-session-v2@1/StartupStage0/AppDeployPreHook] : Starting activity...
[2016-12-28T10:56:25.161Z] INFO  [1950]  - [Application deployment jtech-device-session-v2@1/StartupStage0/AppDeployPreHook/01_configure_application.sh] : Starting activity...
[2016-12-28T10:56:26.572Z] INFO  [1950]  - [Application deployment jtech-device-session-v2@1/StartupStage0/AppDeployPreHook/01_configure_application.sh] : Completed activity. Result:
  Executing: /usr/bin/unzip -o -d /var/app/staging /opt/elasticbeanstalk/deploy/appsource/source_bundle
  Archive:  /opt/elasticbeanstalk/deploy/appsource/source_bundle
     creating: /var/app/staging/META-INF/
    inflating: /var/app/staging/META-INF/MANIFEST.MF  
     creating: /var/app/staging/com/
     creating: /var/app/staging/com/jtech/
     creating: /var/app/staging/com/jtech/apps/
     creating: /var/app/staging/com/jtech/apps/hcm/
     creating: /var/app/staging/com/jtech/apps/hcm/server/
     creating: /var/app/staging/com/jtech/apps/hcm/util/
    inflating: /var/app/staging/application.properties  
    inflating: /var/app/staging/com/jtech/apps/hcm/Application.class  
    inflating: /var/app/staging/com/jtech/apps/hcm/server/DeviceConstants.class  
    inflating: /var/app/staging/com/jtech/apps/hcm/server/DeviceSession.class  
    inflating: /var/app/staging/com/jtech/apps/hcm/server/DeviceSessionProvider.class  
    inflating: /var/app/staging/com/jtech/apps/hcm/server/UserSession$1.class  
    inflating: /var/app/staging/com/jtech/apps/hcm/server/UserSession.class  
    inflating: /var/app/staging/com/jtech/apps/hcm/server/UserSessionProvider.class  
    inflating: /var/app/staging/com/jtech/apps/hcm/util/PropertiesUtil.class  
    inflating: /var/app/staging/com/jtech/apps/hcm/util/RestUtils.class  
    inflating: /var/app/staging/com/jtech/apps/hcm/util/TimeUtil.class  
    inflating: /var/app/staging/log4j.properties  
     creating: /var/app/staging/META-INF/maven/
     creating: /var/app/staging/META-INF/maven/com.jtech.apps/
     creating: /var/app/staging/META-INF/maven/com.jtech.apps/hcm-session/
    inflating: /var/app/staging/META-INF/maven/com.jtech.apps/hcm-session/pom.xml  
    inflating: /var/app/staging/META-INF/maven/com.jtech.apps/hcm-session/pom.properties  
     creating: /var/app/staging/lib/
   extracting: /var/app/staging/lib/commons-digester-2.1.jar  
   extracting: /var/app/staging/lib/commons-beanutils-1.9.2.jar  
   extracting: /var/app/staging/lib/commons-collections-3.2.2.jar  
   extracting: /var/app/staging/lib/spring-boot-starter-actuator-1.3.6.RELEASE.jar  
   extracting: /var/app/staging/lib/spring-boot-starter-1.3.6.RELEASE.jar  
   extracting: /var/app/staging/lib/spring-boot-1.3.6.RELEASE.jar  
   extracting: /var/app/staging/lib/spring-boot-autoconfigure-1.3.6.RELEASE.jar  
   extracting: /var/app/staging/lib/spring-boot-starter-logging-1.3.6.RELEASE.jar  
   extracting: /var/app/staging/lib/logback-classic-1.1.7.jar  
   extracting: /var/app/staging/lib/logback-core-1.1.7.jar  
   extracting: /var/app/staging/lib/slf4j-api-1.7.21.jar  
   extracting: /var/app/staging/lib/jcl-over-slf4j-1.7.21.jar  
   extracting: /var/app/staging/lib/jul-to-slf4j-1.7.21.jar  
   extracting: /var/app/staging/lib/log4j-over-slf4j-1.7.21.jar  
   extracting: /var/app/staging/lib/snakeyaml-1.16.jar  
   extracting: /var/app/staging/lib/spring-boot-actuator-1.3.6.RELEASE.jar  
   extracting: /var/app/staging/lib/spring-websocket-4.2.7.RELEASE.jar  
   extracting: /var/app/staging/lib/spring-context-4.2.7.RELEASE.jar  
   extracting: /var/app/staging/lib/spring-aop-4.2.7.RELEASE.jar  
   extracting: /var/app/staging/lib/aopalliance-1.0.jar  
   extracting: /var/app/staging/lib/spring-beans-4.2.7.RELEASE.jar  
   extracting: /var/app/staging/lib/spring-expression-4.2.7.RELEASE.jar  
   extracting: /var/app/staging/lib/spring-core-4.2.7.RELEASE.jar  
   extracting: /var/app/staging/lib/spring-web-4.2.7.RELEASE.jar  
   extracting: /var/app/staging/lib/spring-boot-starter-web-1.3.6.RELEASE.jar  
   extracting: /var/app/staging/lib/spring-boot-starter-validation-1.3.6.RELEASE.jar  
   extracting: /var/app/staging/lib/jackson-databind-2.6.7.jar  
   extracting: /var/app/staging/lib/jackson-annotations-2.6.7.jar  
   extracting: /var/app/staging/lib/jackson-core-2.6.7.jar  
   extracting: /var/app/staging/lib/spring-webmvc-4.2.7.RELEASE.jar  
   extracting: /var/app/staging/lib/hcm-model-1.0.jar  
   extracting: /var/app/staging/lib/hibernate-validator-5.2.4.Final.jar  
   extracting: /var/app/staging/lib/validation-api-1.1.0.Final.jar  
   extracting: /var/app/staging/lib/jboss-logging-3.3.0.Final.jar  
   extracting: /var/app/staging/lib/classmate-1.1.0.jar  
   extracting: /var/app/staging/lib/hibernate-validator-annotation-processor-5.2.4.Final.jar  
   extracting: /var/app/staging/lib/spring-boot-starter-tomcat-1.3.6.RELEASE.jar  
   extracting: /var/app/staging/lib/tomcat-embed-core-8.0.36.jar  
   extracting: /var/app/staging/lib/tomcat-embed-logging-juli-8.0.36.jar  
   extracting: /var/app/staging/lib/tomcat-embed-websocket-8.0.36.jar  
   extracting: /var/app/staging/lib/tomcat-embed-el-8.0.36.jar  
   extracting: /var/app/staging/lib/json-20140107.jar  
   extracting: /var/app/staging/lib/log4j-api-2.4.1.jar  
   extracting: /var/app/staging/lib/log4j-core-2.4.1.jar  
   extracting: /var/app/staging/lib/log4j-jul-2.1.jar  
     creating: /var/app/staging/org/
     creating: /var/app/staging/org/springframework/
     creating: /var/app/staging/org/springframework/boot/
     creating: /var/app/staging/org/springframework/boot/loader/
    inflating: /var/app/staging/org/springframework/boot/loader/LaunchedURLClassLoader$Java7LockProvider.class  
    inflating: /var/app/staging/org/springframework/boot/loader/PropertiesLauncher$ArchiveEntryFilter.class  
    inflating: /var/app/staging/org/springframework/boot/loader/PropertiesLauncher$PrefixMatchingArchiveFilter.class  
    inflating: /var/app/staging/org/springframework/boot/loader/ExecutableArchiveLauncher$1.class  
    inflating: /var/app/staging/org/springframework/boot/loader/PropertiesLauncher.class  
    inflating: /var/app/staging/org/springframework/boot/loader/LaunchedURLClassLoader$ResourceEnumeration.class  
     creating: /var/app/staging/org/springframework/boot/loader/data/
    inflating: /var/app/staging/org/springframework/boot/loader/data/ByteArrayRandomAccessData.class  
    inflating: /var/app/staging/org/springframework/boot/loader/data/RandomAccessDataFile$DataInputStream.class  
    inflating: /var/app/staging/org/springframework/boot/loader/data/RandomAccessData.class  
    inflating: /var/app/staging/org/springframework/boot/loader/data/RandomAccessDataFile$FilePool.class  
    inflating: /var/app/staging/org/springframework/boot/loader/data/RandomAccessDataFile.class  
    inflating: /var/app/staging/org/springframework/boot/loader/data/RandomAccessData$ResourceAccess.class  
     creating: /var/app/staging/org/springframework/boot/loader/util/
    inflating: /var/app/staging/org/springframework/boot/loader/util/SystemPropertyUtils.class  
    inflating: /var/app/staging/org/springframework/boot/loader/util/AsciiBytes.class  
    inflating: /var/app/staging/org/springframework/boot/loader/LaunchedURLClassLoader$1.class  
    inflating: /var/app/staging/org/springframework/boot/loader/InputArgumentsJavaAgentDetector.class  
    inflating: /var/app/staging/org/springframework/boot/loader/Launcher.class  
    inflating: /var/app/staging/org/springframework/boot/loader/LaunchedURLClassLoader.class  
    inflating: /var/app/staging/org/springframework/boot/loader/JarLauncher.class  
     creating: /var/app/staging/org/springframework/boot/loader/jar/
    inflating: /var/app/staging/org/springframework/boot/loader/jar/JarEntryFilter.class  
    inflating: /var/app/staging/org/springframework/boot/loader/jar/JarURLConnection.class  
    inflating: /var/app/staging/org/springframework/boot/loader/jar/JarEntry.class  
    inflating: /var/app/staging/org/springframework/boot/loader/jar/Bytes.class  
    inflating: /var/app/staging/org/springframework/boot/loader/jar/CentralDirectoryEndRecord.class  
    inflating: /var/app/staging/org/springframework/boot/loader/jar/JarFile$2.class  
    inflating: /var/app/staging/org/springframework/boot/loader/jar/ZipInflaterInputStream.class  
    inflating: /var/app/staging/org/springframework/boot/loader/jar/JarFile.class  
    inflating: /var/app/staging/org/springframework/boot/loader/jar/JarFile$1.class  
    inflating: /var/app/staging/org/springframework/boot/loader/jar/JarURLConnection$1.class  
    inflating: /var/app/staging/org/springframework/boot/loader/jar/Handler.class  
    inflating: /var/app/staging/org/springframework/boot/loader/jar/JarURLConnection$JarEntryName.class  
    inflating: /var/app/staging/org/springframework/boot/loader/jar/JarEntryData.class  
    inflating: /var/app/staging/org/springframework/boot/loader/MainMethodRunner.class  
    inflating: /var/app/staging/org/springframework/boot/loader/InputArgumentsJavaAgentDetector$1.class  
    inflating: /var/app/staging/org/springframework/boot/loader/WarLauncher.class  
    inflating: /var/app/staging/org/springframework/boot/loader/PropertiesLauncher$1.class  
    inflating: /var/app/staging/org/springframework/boot/loader/ExecutableArchiveLauncher.class  
    inflating: /var/app/staging/org/springframework/boot/loader/LaunchedURLClassLoader$LockProvider.class  
     creating: /var/app/staging/org/springframework/boot/loader/archive/
    inflating: /var/app/staging/org/springframework/boot/loader/archive/JarFileArchive$JarFileEntry.class  
    inflating: /var/app/staging/org/springframework/boot/loader/archive/JarFileArchive.class  
    inflating: /var/app/staging/org/springframework/boot/loader/archive/FilteredArchive.class  
    inflating: /var/app/staging/org/springframework/boot/loader/archive/JarFileArchive$1.class  
    inflating: /var/app/staging/org/springframework/boot/loader/archive/ExplodedArchive.class  
    inflating: /var/app/staging/org/springframework/boot/loader/archive/FilteredArchive$2.class  
    inflating: /var/app/staging/org/springframework/boot/loader/archive/Archive$Entry.class  
    inflating: /var/app/staging/org/springframework/boot/loader/archive/ExplodedArchive$1.class  
    inflating: /var/app/staging/org/springframework/boot/loader/archive/Archive$EntryFilter.class  
    inflating: /var/app/staging/org/springframework/boot/loader/archive/FilteredArchive$1.class  
    inflating: /var/app/staging/org/springframework/boot/loader/archive/ExplodedArchive$FileEntry.class  
    inflating: /var/app/staging/org/springframework/boot/loader/archive/Archive.class  
    inflating: /var/app/staging/org/springframework/boot/loader/archive/Archive$EntryRenameFilter.class  
    inflating: /var/app/staging/org/springframework/boot/loader/archive/ExplodedArchive$FilteredURLStreamHandler.class  
    inflating: /var/app/staging/org/springframework/boot/loader/archive/ExplodedArchive$FileNotFoundURLConnection.class  
    inflating: /var/app/staging/org/springframework/boot/loader/JavaAgentDetector.class  
  Executing: HOME=/tmp /opt/elasticbeanstalk/lib/ruby/bin/ruby /opt/elasticbeanstalk/lib/ruby/bin/foreman export supervisord --procfile /var/app/staging/Procfile --root /var/app/current --app application --log /var/log/ --user webapp --template /opt/elasticbeanstalk/private/config/foreman/supervisord --env /var/elasticbeanstalk/staging/elasticbeanstalk.env /var/elasticbeanstalk/staging/supervisor
  [foreman export] writing: application.conf
  Executing: /opt/elasticbeanstalk/bin/log-conf -n supervisor -l'/var/log/supervisord.log' -t bundlelogs
  
  Executing: /opt/elasticbeanstalk/bin/log-conf -n containerlistener -l'/var/log/eb-container-listener.log' -t bundlelogs
  
[2016-12-28T10:56:26.572Z] INFO  [1950]  - [Application deployment jtech-device-session-v2@1/StartupStage0/AppDeployPreHook/01_configure_xray.sh] : Starting activity...
[2016-12-28T10:56:26.783Z] INFO  [1950]  - [Application deployment jtech-device-session-v2@1/StartupStage0/AppDeployPreHook/01_configure_xray.sh] : Completed activity.
[2016-12-28T10:56:26.784Z] INFO  [1950]  - [Application deployment jtech-device-session-v2@1/StartupStage0/AppDeployPreHook/03_configure_proxy.sh] : Starting activity...
[2016-12-28T10:56:27.334Z] INFO  [1950]  - [Application deployment jtech-device-session-v2@1/StartupStage0/AppDeployPreHook/03_configure_proxy.sh] : Completed activity. Result:
  Executing: /opt/elasticbeanstalk/bin/log-conf -n nginx -l'/var/log/nginx/*'
  
  Executing: /usr/sbin/nginx -t -c /var/elasticbeanstalk/staging/nginx/nginx.conf
  nginx: the configuration file /var/elasticbeanstalk/staging/nginx/nginx.conf syntax is ok
  nginx: configuration file /var/elasticbeanstalk/staging/nginx/nginx.conf test is successful
[2016-12-28T10:56:27.334Z] INFO  [1950]  - [Application deployment jtech-device-session-v2@1/StartupStage0/AppDeployPreHook] : Completed activity. Result:
  Successfully execute hooks in directory /opt/elasticbeanstalk/hooks/appdeploy/pre.
[2016-12-28T10:56:27.335Z] INFO  [1950]  - [Application deployment jtech-device-session-v2@1/StartupStage0/EbExtensionPostBuild] : Starting activity...
[2016-12-28T10:56:27.793Z] INFO  [1950]  - [Application deployment jtech-device-session-v2@1/StartupStage0/EbExtensionPostBuild/Infra-EmbeddedPostBuild] : Starting activity...
[2016-12-28T10:56:27.793Z] INFO  [1950]  - [Application deployment jtech-device-session-v2@1/StartupStage0/EbExtensionPostBuild/Infra-EmbeddedPostBuild] : Completed activity.
[2016-12-28T10:56:27.825Z] INFO  [1950]  - [Application deployment jtech-device-session-v2@1/StartupStage0/EbExtensionPostBuild] : Completed activity.
[2016-12-28T10:56:27.825Z] INFO  [1950]  - [Application deployment jtech-device-session-v2@1/StartupStage0/InfraCleanEbExtension] : Starting activity...
[2016-12-28T10:56:27.829Z] INFO  [1950]  - [Application deployment jtech-device-session-v2@1/StartupStage0/InfraCleanEbExtension] : Completed activity. Result:
  Cleaned ebextensions subdirectories from /var/app/staging.
[2016-12-28T10:56:27.829Z] INFO  [1950]  - [Application deployment jtech-device-session-v2@1/StartupStage0] : Completed activity. Result:
  Application deployment - Command CMD-Startup stage 0 completed
[2016-12-28T10:56:27.829Z] INFO  [1950]  - [Application deployment jtech-device-session-v2@1/StartupStage1] : Starting activity...
[2016-12-28T10:56:27.829Z] INFO  [1950]  - [Application deployment jtech-device-session-v2@1/StartupStage1/AppDeployEnactHook] : Starting activity...
[2016-12-28T10:56:27.830Z] INFO  [1950]  - [Application deployment jtech-device-session-v2@1/StartupStage1/AppDeployEnactHook/01_stop_before_promote.sh] : Starting activity...
[2016-12-28T10:56:28.597Z] INFO  [1950]  - [Application deployment jtech-device-session-v2@1/StartupStage1/AppDeployEnactHook/01_stop_before_promote.sh] : Completed activity. Result:
  Executing: /usr/local/bin/supervisorctl -c /etc/supervisor/supervisord.conf stop application:*
  unix:///tmp/supervisor.sock no such file
  Executing: /usr/local/bin/supervisorctl -c /etc/supervisor/supervisord.conf stop all
  unix:///tmp/supervisor.sock no such file
  Executing: /sbin/status supervisord
  supervisord stop/waiting
[2016-12-28T10:56:28.597Z] INFO  [1950]  - [Application deployment jtech-device-session-v2@1/StartupStage1/AppDeployEnactHook/01stop_xray.sh] : Starting activity...
[2016-12-28T10:56:30.843Z] INFO  [1950]  - [Application deployment jtech-device-session-v2@1/StartupStage1/AppDeployEnactHook/01stop_xray.sh] : Completed activity. Result:
  Executing: if ( initctl status xray | grep start ); then initctl stop xray; fi
  xray start/running, process 1254
  xray stop/waiting
[2016-12-28T10:56:30.844Z] INFO  [1950]  - [Application deployment jtech-device-session-v2@1/StartupStage1/AppDeployEnactHook/02start_xray.sh] : Starting activity...
[2016-12-28T10:56:31.055Z] INFO  [1950]  - [Application deployment jtech-device-session-v2@1/StartupStage1/AppDeployEnactHook/02start_xray.sh] : Completed activity.
[2016-12-28T10:56:31.055Z] INFO  [1950]  - [Application deployment jtech-device-session-v2@1/StartupStage1/AppDeployEnactHook/03_stop_proxy.sh] : Starting activity...
[2016-12-28T10:56:31.314Z] INFO  [1950]  - [Application deployment jtech-device-session-v2@1/StartupStage1/AppDeployEnactHook/03_stop_proxy.sh] : Completed activity. Result:
  Executing: service nginx stop
  
[2016-12-28T10:56:31.314Z] INFO  [1950]  - [Application deployment jtech-device-session-v2@1/StartupStage1/AppDeployEnactHook/05_promote_application.sh] : Starting activity...
[2016-12-28T10:56:31.521Z] INFO  [1950]  - [Application deployment jtech-device-session-v2@1/StartupStage1/AppDeployEnactHook/05_promote_application.sh] : Completed activity.
[2016-12-28T10:56:31.521Z] INFO  [1950]  - [Application deployment jtech-device-session-v2@1/StartupStage1/AppDeployEnactHook/07_start_application.sh] : Starting activity...
[2016-12-28T10:56:31.750Z] INFO  [1950]  - [Application deployment jtech-device-session-v2@1/StartupStage1/AppDeployEnactHook/07_start_application.sh] : Completed activity. Result:
  Executing: /sbin/start supervisord
  supervisord start/running, process 2076
[2016-12-28T10:56:31.750Z] INFO  [1950]  - [Application deployment jtech-device-session-v2@1/StartupStage1/AppDeployEnactHook/09_start_proxy.sh] : Starting activity...
[2016-12-28T10:56:34.751Z] INFO  [1950]  - [Application deployment jtech-device-session-v2@1/StartupStage1/AppDeployEnactHook/09_start_proxy.sh] : Completed activity. Result:
  Executing: service nginx stop
  
  Executing: service nginx start
  Starting nginx: [  OK  ]
  Executing: /opt/elasticbeanstalk/bin/healthd-track-pidfile --proxy nginx
  
  Executing: /opt/elasticbeanstalk/bin/healthd-configure --appstat-log-path /var/log/nginx/healthd/application.log --appstat-unit sec --appstat-timestamp-on 'completion'
  
  Executing: /opt/elasticbeanstalk/bin/healthd-restart
  
[2016-12-28T10:56:34.752Z] INFO  [1950]  - [Application deployment jtech-device-session-v2@1/StartupStage1/AppDeployEnactHook/11_stop_after_promote.sh] : Starting activity...
[2016-12-28T10:56:35.480Z] INFO  [1950]  - [Application deployment jtech-device-session-v2@1/StartupStage1/AppDeployEnactHook/11_stop_after_promote.sh] : Completed activity.
[2016-12-28T10:56:35.481Z] INFO  [1950]  - [Application deployment jtech-device-session-v2@1/StartupStage1/AppDeployEnactHook] : Completed activity. Result:
  Successfully execute hooks in directory /opt/elasticbeanstalk/hooks/appdeploy/enact.
[2016-12-28T10:56:35.481Z] INFO  [1950]  - [Application deployment jtech-device-session-v2@1/StartupStage1/AppDeployPostHook] : Starting activity...
[2016-12-28T10:56:35.481Z] INFO  [1950]  - [Application deployment jtech-device-session-v2@1/StartupStage1/AppDeployPostHook] : Completed activity. Result:
  Successfully execute hooks in directory /opt/elasticbeanstalk/hooks/appdeploy/post.
[2016-12-28T10:56:35.481Z] INFO  [1950]  - [Application deployment jtech-device-session-v2@1/StartupStage1/PostInitHook] : Starting activity...
[2016-12-28T10:56:35.482Z] INFO  [1950]  - [Application deployment jtech-device-session-v2@1/StartupStage1/PostInitHook] : Completed activity. Result:
  Successfully execute hooks in directory /opt/elasticbeanstalk/hooks/postinit.
[2016-12-28T10:56:35.482Z] INFO  [1950]  - [Application deployment jtech-device-session-v2@1/StartupStage1] : Completed activity. Result:
  Application deployment - Command CMD-Startup stage 1 completed
[2016-12-28T10:56:35.482Z] INFO  [1950]  - [Application deployment jtech-device-session-v2@1/AddonsAfter] : Starting activity...
[2016-12-28T10:56:35.483Z] INFO  [1950]  - [Application deployment jtech-device-session-v2@1/AddonsAfter/ConfigLogRotation] : Starting activity...
[2016-12-28T10:56:35.483Z] INFO  [1950]  - [Application deployment jtech-device-session-v2@1/AddonsAfter/ConfigLogRotation/10-config.sh] : Starting activity...
[2016-12-28T10:56:35.832Z] INFO  [1950]  - [Application deployment jtech-device-session-v2@1/AddonsAfter/ConfigLogRotation/10-config.sh] : Completed activity. Result:
  Disabled forced hourly log rotation.
[2016-12-28T10:56:35.833Z] INFO  [1950]  - [Application deployment jtech-device-session-v2@1/AddonsAfter/ConfigLogRotation] : Completed activity. Result:
  Successfully execute hooks in directory /opt/elasticbeanstalk/addons/logpublish/hooks/config.
[2016-12-28T10:56:35.833Z] INFO  [1950]  - [Application deployment jtech-device-session-v2@1/AddonsAfter/ConfigCWLAgent] : Starting activity...
[2016-12-28T10:56:35.834Z] INFO  [1950]  - [Application deployment jtech-device-session-v2@1/AddonsAfter/ConfigCWLAgent/10-config.sh] : Starting activity...
[2016-12-28T10:56:36.327Z] INFO  [1950]  - [Application deployment jtech-device-session-v2@1/AddonsAfter/ConfigCWLAgent/10-config.sh] : Completed activity. Result:
  Log streaming option setting is not specified, ignore cloudwatch logs setup.
  
  Disabled log streaming.
[2016-12-28T10:56:36.327Z] INFO  [1950]  - [Application deployment jtech-device-session-v2@1/AddonsAfter/ConfigCWLAgent] : Completed activity. Result:
  Successfully execute hooks in directory /opt/elasticbeanstalk/addons/logstreaming/hooks/config.
[2016-12-28T10:56:36.327Z] INFO  [1950]  - [Application deployment jtech-device-session-v2@1/AddonsAfter] : Completed activity.
[2016-12-28T10:56:36.327Z] INFO  [1950]  - [Application deployment jtech-device-session-v2@1] : Completed activity. Result:
  Application deployment - Command CMD-Startup succeeded
[2016-12-28T10:59:06.049Z] INFO  [2297]  - [CMD-BundleLogs] : Starting activity...
[2016-12-28T10:59:06.050Z] INFO  [2297]  - [CMD-BundleLogs/AddonsBefore] : Starting activity...
[2016-12-28T10:59:06.050Z] INFO  [2297]  - [CMD-BundleLogs/AddonsBefore] : Completed activity.
[2016-12-28T10:59:06.050Z] INFO  [2297]  - [CMD-BundleLogs/BundleLogs] : Starting activity...
[2016-12-28T10:59:06.050Z] INFO  [2297]  - [CMD-BundleLogs/BundleLogs/BundleLogs] : Starting activity...
