2016-12-28 10:55:27,336 P1692 [INFO] ************************************************************
2016-12-28 10:55:27,336 P1692 [INFO] ConfigSet _OnInstanceBoot
2016-12-28 10:55:27,345 P1692 [INFO] ++++++++++++++++++++++++++++++++++++++++++++++++++++++++++++
2016-12-28 10:55:27,345 P1692 [INFO] Config AWSEBBaseConfig
2016-12-28 10:55:27,351 P1692 [INFO] ============================================================
2016-12-28 10:55:27,351 P1692 [INFO] Command clearbackupfiles
2016-12-28 10:55:27,379 P1692 [INFO] Completed successfully.
2016-12-28 10:55:27,394 P1692 [INFO] ++++++++++++++++++++++++++++++++++++++++++++++++++++++++++++
2016-12-28 10:55:27,395 P1692 [INFO] Config AWSEBMessageOfTheDay
2016-12-28 10:55:27,396 P1692 [INFO] ============================================================
2016-12-28 10:55:27,396 P1692 [INFO] Command 01clearoriginal
2016-12-28 10:55:27,419 P1692 [INFO] Completed successfully.
2016-12-28 10:55:27,421 P1692 [INFO] ============================================================
2016-12-28 10:55:27,421 P1692 [INFO] Command 02createbanner
2016-12-28 10:55:27,446 P1692 [INFO] Completed successfully.
2016-12-28 10:55:27,447 P1692 [INFO] ============================================================
2016-12-28 10:55:27,447 P1692 [INFO] Command 03updatebanner
2016-12-28 10:55:27,495 P1692 [INFO] Completed successfully.
2016-12-28 10:55:27,513 P1692 [INFO] ++++++++++++++++++++++++++++++++++++++++++++++++++++++++++++
2016-12-28 10:55:27,513 P1692 [INFO] Config AWSEBULimitConfig
2016-12-28 10:55:27,514 P1692 [INFO] ============================================================
2016-12-28 10:55:27,514 P1692 [INFO] Command 00removebackup
2016-12-28 10:55:27,529 P1692 [INFO] Completed successfully.
2016-12-28 10:55:27,544 P1692 [INFO] ++++++++++++++++++++++++++++++++++++++++++++++++++++++++++++
2016-12-28 10:55:27,544 P1692 [INFO] Config Infra-InstallContainerHooksPkg
2016-12-28 10:55:27,544 P1692 [INFO] ============================================================
2016-12-28 10:55:27,544 P1692 [INFO] Command 00mkdir
2016-12-28 10:55:27,558 P1692 [INFO] Completed successfully.
2016-12-28 10:55:27,559 P1692 [INFO] ============================================================
2016-12-28 10:55:27,560 P1692 [INFO] Command 01download_container_hooks
2016-12-28 10:55:27,773 P1692 [INFO] Completed successfully.
2016-12-28 10:55:27,775 P1692 [INFO] ============================================================
2016-12-28 10:55:27,775 P1692 [INFO] Command 02install_container_hooks
2016-12-28 10:55:27,800 P1692 [INFO] Completed successfully.
2016-12-28 10:55:27,801 P1692 [INFO] ============================================================
2016-12-28 10:55:27,801 P1692 [INFO] Command 03cleanup
2016-12-28 10:55:27,816 P1692 [INFO] Completed successfully.
2016-12-28 10:55:27,850 P1692 [INFO] ++++++++++++++++++++++++++++++++++++++++++++++++++++++++++++
2016-12-28 10:55:27,851 P1692 [INFO] Config Infra-WriteLeaderTestScript
2016-12-28 10:55:27,862 P1692 [INFO] ++++++++++++++++++++++++++++++++++++++++++++++++++++++++++++
2016-12-28 10:55:27,862 P1692 [INFO] Config Infra-WriteTailLogsConf
2016-12-28 10:55:27,882 P1692 [INFO] ++++++++++++++++++++++++++++++++++++++++++++++++++++++++++++
2016-12-28 10:55:27,882 P1692 [INFO] Config Infra-WriteSystemTailLogsConf
2016-12-28 10:55:27,908 P1692 [INFO] ++++++++++++++++++++++++++++++++++++++++++++++++++++++++++++
2016-12-28 10:55:27,908 P1692 [INFO] Config Infra-WriteBundleLogsConf
2016-12-28 10:55:27,919 P1692 [INFO] ++++++++++++++++++++++++++++++++++++++++++++++++++++++++++++
2016-12-28 10:55:27,920 P1692 [INFO] Config Infra-WritePublishLogsConf
2016-12-28 10:55:27,926 P1692 [INFO] ++++++++++++++++++++++++++++++++++++++++++++++++++++++++++++
2016-12-28 10:55:27,926 P1692 [INFO] Config Infra-WritePublishLogsCron
2016-12-28 10:56:25,118 P1968 [INFO] ************************************************************
2016-12-28 10:56:25,119 P1968 [INFO] ConfigSet Infra-EmbeddedPreBuild
2016-12-28 10:56:27,793 P2012 [INFO] ************************************************************
2016-12-28 10:56:27,793 P2012 [INFO] ConfigSet Infra-EmbeddedPostBuild
