[2016-12-28T10:55:14Z] Started EB User Data
+ SLEEP_TIME=10
+ SLEEP_TIME_MAX=3600
+ true
+ curl https://s3-eu-west-1.amazonaws.com/elasticbeanstalk-env-resources-eu-west-1/stalks/eb_java_1.0.53.3/lib/UserDataScript.sh
  % Total    % Received % Xferd  Average Speed   Time    Time     Time  Current
                                 Dload  Upload   Total   Spent    Left  Speed
  0     0    0     0    0     0      0      0 --:--:-- --:--:-- --:--:--     0  0     0    0     0    0     0      0      0 --:--:--  0:00:01 --:--:--     0100 12245  100 12245    0     0   8481      0  0:00:01  0:00:01 --:--:--  8485
+ RESULT=0
+ [[ 0 -ne 0 ]]
+ /bin/bash /tmp/ebbootstrap.sh https://s3-eu-west-1.amazonaws.com/elasticbeanstalk-env-resources-eu-west-1/stalks/eb_java_1.0.53.3/lib/aws-elasticbeanstalk-tools-1.19-1.noarch.rpm 'https://s3-eu-west-1.amazonaws.com/elasticbeanstalk-env-resources-eu-west-1/stalks/eb_java_1.0.53.3/lib/awseb-ruby-2.2.4-x86_64-20160503_1008.tar.gz https://s3-eu-west-1.amazonaws.com/elasticbeanstalk-env-resources-eu-west-1/stalks/eb_java_1.0.53.3/lib/basehooks.tar.gz' 'https://s3-eu-west-1.amazonaws.com/elasticbeanstalk-env-resources-eu-west-1/stalks/eb_java_1.0.53.3/lib/beanstalk-core-2.6.gem https://s3-eu-west-1.amazonaws.com/elasticbeanstalk-env-resources-eu-west-1/stalks/eb_java_1.0.53.3/lib/beanstalk-core-healthd-1.1.gem https://s3-eu-west-1.amazonaws.com/elasticbeanstalk-env-resources-eu-west-1/stalks/eb_java_1.0.53.3/lib/executor-1.1.gem' 'https://cloudformation-waitcondition-eu-west-1.s3-eu-west-1.amazonaws.com/arn%3Aaws%3Acloudformation%3Aeu-west-1%3A305362053369%3Astack/awseb-e-6ptkmqijch-stack/e6463340-cceb-11e6-b7b8-500c3cb898d2/AWSEBInstanceLaunchWaitHandle?AWSAccessKeyId=AKIAJRBFOG6RPGASDWGA&Expires=1483008831&Signature=DKLCa847ZcqbgN%2BZXfpUg7k5R%2BU%3D' arn:aws:cloudformation:eu-west-1:305362053369:stack/awseb-e-6ptkmqijch-stack/e6463340-cceb-11e6-b7b8-500c3cb898d2 eu-west-1 054252057bce 3b6ce73f-7744-4498-91ec-3a9d3b009e61 '' nginx ''
[2016-12-28T10:55:17.171Z] Started EB Bootstrapping Script.
[2016-12-28T10:55:17.183Z] Received parameters:
 RPMS = https://s3-eu-west-1.amazonaws.com/elasticbeanstalk-env-resources-eu-west-1/stalks/eb_java_1.0.53.3/lib/aws-elasticbeanstalk-tools-1.19-1.noarch.rpm
 TARBALLS = https://s3-eu-west-1.amazonaws.com/elasticbeanstalk-env-resources-eu-west-1/stalks/eb_java_1.0.53.3/lib/awseb-ruby-2.2.4-x86_64-20160503_1008.tar.gz https://s3-eu-west-1.amazonaws.com/elasticbeanstalk-env-resources-eu-west-1/stalks/eb_java_1.0.53.3/lib/basehooks.tar.gz
 EB_GEMS = https://s3-eu-west-1.amazonaws.com/elasticbeanstalk-env-resources-eu-west-1/stalks/eb_java_1.0.53.3/lib/beanstalk-core-2.6.gem https://s3-eu-west-1.amazonaws.com/elasticbeanstalk-env-resources-eu-west-1/stalks/eb_java_1.0.53.3/lib/beanstalk-core-healthd-1.1.gem https://s3-eu-west-1.amazonaws.com/elasticbeanstalk-env-resources-eu-west-1/stalks/eb_java_1.0.53.3/lib/executor-1.1.gem
 SIGNAL_URL = https://cloudformation-waitcondition-eu-west-1.s3-eu-west-1.amazonaws.com/arn%3Aaws%3Acloudformation%3Aeu-west-1%3A305362053369%3Astack/awseb-e-6ptkmqijch-stack/e6463340-cceb-11e6-b7b8-500c3cb898d2/AWSEBInstanceLaunchWaitHandle?AWSAccessKeyId=AKIAJRBFOG6RPGASDWGA&Expires=1483008831&Signature=DKLCa847ZcqbgN%2BZXfpUg7k5R%2BU%3D
 STACK_ID = arn:aws:cloudformation:eu-west-1:305362053369:stack/awseb-e-6ptkmqijch-stack/e6463340-cceb-11e6-b7b8-500c3cb898d2
 REGION = eu-west-1
 GUID = 054252057bce
 HEALTHD_GROUP_ID = 3b6ce73f-7744-4498-91ec-3a9d3b009e61
 HEALTHD_ENDPOINT = 
 PROXY_SERVER = nginx
 HEALTHD_PROXY_LOG_LOCATION =
[2016-12-28T10:55:17.191Z] Synchronizing network time in background.
[2016-12-28T10:55:17.199Z] yum repo has already been locked to 054252057bce.
[2016-12-28T10:55:17.205Z] yum update has already been done.
[2016-12-28T10:55:17.391Z] Completed creating AWS EB users and groups.
[2016-12-28T10:55:17.397Z] Started executing install_rpms https://s3-eu-west-1.amazonaws.com/elasticbeanstalk-env-resources-eu-west-1/stalks/eb_java_1.0.53.3/lib/aws-elasticbeanstalk-tools-1.19-1.noarch.rpm.
[2016-12-28T10:55:17.403Z] Installing RPM: https://s3-eu-west-1.amazonaws.com/elasticbeanstalk-env-resources-eu-west-1/stalks/eb_java_1.0.53.3/lib/aws-elasticbeanstalk-tools-1.19-1.noarch.rpm.
[2016-12-28T10:55:18.455Z] aws-elasticbeanstalk-tools-1.19-1.noarch has already been installed. Skip installing.
[2016-12-28T10:55:18.461Z] Command Returned: 
[2016-12-28T10:55:18.466Z] Completed executing install_rpms.
[2016-12-28T10:55:18.473Z] Started executing install_tarballs https://s3-eu-west-1.amazonaws.com/elasticbeanstalk-env-resources-eu-west-1/stalks/eb_java_1.0.53.3/lib/awseb-ruby-2.2.4-x86_64-20160503_1008.tar.gz https://s3-eu-west-1.amazonaws.com/elasticbeanstalk-env-resources-eu-west-1/stalks/eb_java_1.0.53.3/lib/basehooks.tar.gz.
[2016-12-28T10:55:18.479Z] Installing tarball: https://s3-eu-west-1.amazonaws.com/elasticbeanstalk-env-resources-eu-west-1/stalks/eb_java_1.0.53.3/lib/awseb-ruby-2.2.4-x86_64-20160503_1008.tar.gz.
[2016-12-28T10:55:18.484Z] awseb-ruby-2.2.4-x86_64-20160503_1008.tar.gz has already been installed. Skip installing.
[2016-12-28T10:55:18.490Z] Installing tarball: https://s3-eu-west-1.amazonaws.com/elasticbeanstalk-env-resources-eu-west-1/stalks/eb_java_1.0.53.3/lib/basehooks.tar.gz.
[2016-12-28T10:55:18.976Z] Command Returned: 

2016-12-28 10:55:18 URL:https://s3-eu-west-1.amazonaws.com/elasticbeanstalk-env-resources-eu-west-1/stalks/eb_java_1.0.53.3/lib/basehooks.tar.gz [5760/5760] -> "/tmp/basehooks.tar.gz" [1]
[2016-12-28T10:55:18.982Z] Completed executing install_tarballs.
[2016-12-28T10:55:18.989Z] Started executing install_eb_gems https://s3-eu-west-1.amazonaws.com/elasticbeanstalk-env-resources-eu-west-1/stalks/eb_java_1.0.53.3/lib/beanstalk-core-2.6.gem https://s3-eu-west-1.amazonaws.com/elasticbeanstalk-env-resources-eu-west-1/stalks/eb_java_1.0.53.3/lib/beanstalk-core-healthd-1.1.gem https://s3-eu-west-1.amazonaws.com/elasticbeanstalk-env-resources-eu-west-1/stalks/eb_java_1.0.53.3/lib/executor-1.1.gem.
[2016-12-28T10:55:19.130Z] Installing EB Gem: https://s3-eu-west-1.amazonaws.com/elasticbeanstalk-env-resources-eu-west-1/stalks/eb_java_1.0.53.3/lib/beanstalk-core-2.6.gem.
[2016-12-28T10:55:23.790Z] beanstalk-core-2.6 has already been installed. Skip installing.
[2016-12-28T10:55:23.796Z] Installing EB Gem: https://s3-eu-west-1.amazonaws.com/elasticbeanstalk-env-resources-eu-west-1/stalks/eb_java_1.0.53.3/lib/beanstalk-core-healthd-1.1.gem.
[2016-12-28T10:55:24.129Z] beanstalk-core-healthd-1.1 has already been installed. Skip installing.
[2016-12-28T10:55:24.135Z] Installing EB Gem: https://s3-eu-west-1.amazonaws.com/elasticbeanstalk-env-resources-eu-west-1/stalks/eb_java_1.0.53.3/lib/executor-1.1.gem.
[2016-12-28T10:55:24.479Z] executor-1.1 has already been installed. Skip installing.
[2016-12-28T10:55:24.487Z] Command Returned: 
[2016-12-28T10:55:24.494Z] Completed executing install_eb_gems.
[2016-12-28T10:55:24.501Z] Starting healthd
initctl: Unknown instance: 
healthd start/running, process 1677
[2016-12-28T10:55:26.075Z] First init of instance.
[2016-12-28T10:55:26.081Z] Started executing cfn_init _OnInstanceBoot first_init.
[2016-12-28T10:55:26.087Z] Running cfn-init ConfigSet: _OnInstanceBoot.
28 Dec 10:55:27 ntpdate[1592]: adjust time server 193.1.31.66 offset -0.000068 sec
[2016-12-28T10:55:28.100Z] Command Returned: 
[2016-12-28T10:55:28.107Z] Completed executing cfn_init.
[2016-12-28T10:55:28.271Z] Check whether controlled by launch workflow...
[2016-12-28T10:55:29.232Z] Worflow running.
[2016-12-28T10:55:29.238Z] Workflow controlled instance. Running container provisioning...
[2016-12-28T10:55:29.244Z] Started executing start_cfn_hup.
[2016-12-28T10:55:29.250Z] Starting cfn-hup.
[2016-12-28T10:55:29.264Z] Command Returned: cfn-hup start/running, process 1756
[2016-12-28T10:55:29.279Z] Completed executing start_cfn_hup.
[2016-12-28T10:55:29.291Z] Started executing run_eb_command { "api_version" : "1.0", "request_id": "0", "command_name": "CMD-PreInit" } .
[2016-12-28T10:55:29.307Z] Running EB Command: { "api_version" : "1.0", "request_id": "0", "command_name": "CMD-PreInit" } .
[2016-12-28T10:55:47.877Z] Command Returned: {"status":"SUCCESS","api_version":"1.0","results":[{"status":"SUCCESS","msg":"","returncode":0,"events":[]}]}
[2016-12-28T10:55:47.883Z] Completed executing run_eb_command.
[2016-12-28T10:55:47.889Z] Successfully bootstrapped instance.
[2016-12-28T10:55:48.075Z] Sending signal 0 to CFN wait condition https://cloudformation-waitcondition-eu-west-1.s3-eu-west-1.amazonaws.com/arn%3Aaws%3Acloudformation%3Aeu-west-1%3A305362053369%3Astack/awseb-e-6ptkmqijch-stack/e6463340-cceb-11e6-b7b8-500c3cb898d2/AWSEBInstanceLaunchWaitHandle?AWSAccessKeyId=AKIAJRBFOG6RPGASDWGA&Expires=1483008831&Signature=DKLCa847ZcqbgN%2BZXfpUg7k5R%2BU%3D
CloudFormation signaled successfully with SUCCESS.
[2016-12-28T10:55:48.489Z] Tailing /var/log/eb-commandprocessor.log

******************* eb-commandprocessor taillog *******************
[2016-12-28T10:55:30.386Z] DEBUG [1766]  : Reading config file: /etc/elasticbeanstalk/.aws-eb-stack.properties
[2016-12-28T10:55:30.386Z] DEBUG [1766]  : Checking if the command processor should execute...
[2016-12-28T10:55:30.389Z] DEBUG [1766]  : Checking whether the command is applicable to instance (i-082a6d5e6bc181918)..
[2016-12-28T10:55:30.389Z] INFO  [1766]  : Command is applicable to this instance (i-082a6d5e6bc181918)..
[2016-12-28T10:55:30.390Z] DEBUG [1766]  : Checking if the received command stage is valid..
[2016-12-28T10:55:30.390Z] INFO  [1766]  : No stage_num in command. Valid stage..
[2016-12-28T10:55:30.390Z] INFO  [1766]  : Received command CMD-PreInit: 
{
  "api_version" : "1.0",
  "request_id": "0",
  "command_name": "CMD-PreInit"
}

[2016-12-28T10:55:30.390Z] INFO  [1766]  : Command processor should execute command.
[2016-12-28T10:55:30.390Z] DEBUG [1766]  : Storing current stage..
[2016-12-28T10:55:30.390Z] DEBUG [1766]  : Stage_num does not exist. Not saving null stage. Returning..
[2016-12-28T10:55:30.390Z] DEBUG [1766]  : Reading config file: /etc/elasticbeanstalk/.aws-eb-stack.properties
[2016-12-28T10:55:30.390Z] DEBUG [1766]  : Retrieving metadata for key: AWS::ElasticBeanstalk::Ext||_ContainerConfigFileContent||commands..
[2016-12-28T10:55:30.391Z] DEBUG [1766]  : Retrieving metadata for key: AWS::ElasticBeanstalk::Ext||_API||_Commands..
[2016-12-28T10:55:30.392Z] INFO  [1766]  : Found enabled addons: ["logpublish", "logstreaming"].
[2016-12-28T10:55:30.394Z] INFO  [1766]  : Updating Command definition of addon logpublish.
[2016-12-28T10:55:30.394Z] INFO  [1766]  : Updating Command definition of addon logstreaming.
[2016-12-28T10:55:30.394Z] DEBUG [1766]  : Refreshing metadata...
[2016-12-28T10:55:30.395Z] DEBUG [1766]  : Using cached environment metadata.
[2016-12-28T10:55:30.396Z] DEBUG [1766]  : Retrieving metadata for key: AWS::ElasticBeanstalk::Ext||_ContainerConfigFileContent||commands..
[2016-12-28T10:55:30.396Z] DEBUG [1766]  : Retrieving metadata for key: AWS::ElasticBeanstalk::Ext||_API||_Commands..
[2016-12-28T10:55:30.397Z] INFO  [1766]  : Found enabled addons: ["logpublish", "logstreaming"].
[2016-12-28T10:55:30.399Z] INFO  [1766]  : Updating Command definition of addon logpublish.
[2016-12-28T10:55:30.399Z] INFO  [1766]  : Updating Command definition of addon logstreaming.
[2016-12-28T10:55:30.399Z] DEBUG [1766]  : Retrieving metadata for key: AWS::CloudFormation::Init||Infra-WriteApplication2||files..
[2016-12-28T10:55:30.401Z] DEBUG [1766]  : Retrieving metadata for key: AWS::ElasticBeanstalk::Ext||ManifestFileS3Key..
[2016-12-28T10:55:31.302Z] INFO  [1766]  : Finding latest manifest from bucket 'elasticbeanstalk-eu-west-1-305362053369' with prefix 'resources/environments/e-6ptkmqijch/_runtime/versions/manifest_'.
[2016-12-28T10:55:31.751Z] INFO  [1766]  : Found manifest with key 'resources/environments/e-6ptkmqijch/_runtime/versions/manifest_1482922422566'.
[2016-12-28T10:55:31.763Z] INFO  [1766]  : Updated manifest cache: deployment ID 1 and serial 1.
[2016-12-28T10:55:31.763Z] DEBUG [1766]  : Loaded definition of Command CMD-PreInit.
[2016-12-28T10:55:31.763Z] INFO  [1766]  : Executing Initialization
[2016-12-28T10:55:31.764Z] INFO  [1766]  : Executing command: CMD-PreInit...
[2016-12-28T10:55:31.764Z] INFO  [1766]  : Executing command CMD-PreInit activities...
[2016-12-28T10:55:31.764Z] DEBUG [1766]  : Setting environment variables..
[2016-12-28T10:55:31.764Z] INFO  [1766]  : Running AddonsBefore for command CMD-PreInit...
[2016-12-28T10:55:31.764Z] DEBUG [1766]  : Running stages of Command CMD-PreInit from stage 0 to stage 0...
[2016-12-28T10:55:31.764Z] INFO  [1766]  : Running stage 0 of command CMD-PreInit...
[2016-12-28T10:55:31.764Z] DEBUG [1766]  : Loaded 3 actions for stage 0.
[2016-12-28T10:55:31.764Z] INFO  [1766]  : Running 1 of 3 actions: InfraWriteConfig...
[2016-12-28T10:55:31.769Z] INFO  [1766]  : Running 2 of 3 actions: DownloadSourceBundle...
[2016-12-28T10:55:32.659Z] INFO  [1766]  : Running 3 of 3 actions: PreInitHook...
[2016-12-28T10:55:33.465Z] INFO  [1766]  : Running AddonsAfter for command CMD-PreInit...
[2016-12-28T10:55:47.843Z] INFO  [1766]  : Command CMD-PreInit succeeded!
[2016-12-28T10:55:47.844Z] INFO  [1766]  : Command processor returning results: 
{"status":"SUCCESS","api_version":"1.0","results":[{"status":"SUCCESS","msg":"","returncode":0,"events":[]}]}
******************* End of taillog *******************


[2016-12-28T10:55:48.501Z] Tailing /var/log/eb-activity.log

******************* eb-activity taillog *******************
  
  Dependencies Resolved
  
  ================================================================================
   Package                          Arch     Version            Repository   Size
  ================================================================================
  Installing:
   awslogs                          noarch   1.1.2-1.10.amzn1   amzn-main   8.8 k
  Installing for dependencies:
   aws-cli-plugin-cloudwatch-logs   noarch   1.3.3-1.15.amzn1   amzn-main    69 k
  
  Transaction Summary
  ================================================================================
  Install  1 Package (+1 Dependent package)
  
  Total download size: 78 k
  Installed size: 240 k
  Downloading packages:
  --------------------------------------------------------------------------------
  Total                                              2.6 MB/s |  78 kB  00:00     
  Running transaction check
  Running transaction test
  Transaction test succeeded
  Running transaction
    Installing : aws-cli-plugin-cloudwatch-logs-1.3.3-1.15.amzn1.noarch       1/2 
    Installing : awslogs-1.1.2-1.10.amzn1.noarch                              2/2 
    Verifying  : awslogs-1.1.2-1.10.amzn1.noarch                              1/2 
    Verifying  : aws-cli-plugin-cloudwatch-logs-1.3.3-1.15.amzn1.noarch       2/2 
  
  Installed:
    awslogs.noarch 0:1.1.2-1.10.amzn1                                             
  
  Dependency Installed:
    aws-cli-plugin-cloudwatch-logs.noarch 0:1.3.3-1.15.amzn1                      
  
  Complete!
  + cat
  + /opt/elasticbeanstalk/bin/log-conf -n awslogs -l/var/log/awslogs.log
  ++ sed 's/.$//'
  ++ curl 169.254.169.254/latest/meta-data/placement/availability-zone
    % Total    % Received % Xferd  Average Speed   Time    Time     Time  Current
                                   Dload  Upload   Total   Spent    Left  Speed
    0     0    0     0    0     0      0      0 --:--:-- --:--:-- --:--:--     0100    10  100    10    0     0   2255      0 --:--:-- --:--:-- --:--:--  2500
  + region=eu-west-1
  + sed -i -e 's/region = us-east-1/region = eu-west-1/g' /etc/awslogs/awscli.conf
[2016-12-28T10:55:47.843Z] INFO  [1766]  - [Initialization/AddonsAfter/InstallCWLAgent] : Completed activity. Result:
  Successfully execute hooks in directory /opt/elasticbeanstalk/addons/logstreaming/hooks/install.
[2016-12-28T10:55:47.843Z] INFO  [1766]  - [Initialization/AddonsAfter] : Completed activity.
[2016-12-28T10:55:47.843Z] INFO  [1766]  - [Initialization] : Completed activity. Result:
  Initialization - Command CMD-PreInit succeeded
******************* End of taillog *******************


[2016-12-28T10:55:48.670Z] Tailing /var/log/eb-tools.log

******************* eb-tools taillog *******************
***eb-tools is not available yet.***
******************* End of taillog *******************


[2016-12-28T10:55:48.676Z] Tailing /var/log/eb-version-deployment.log

******************* eb-version-deployment taillog *******************
***eb-version-deployment is not available yet.***
******************* End of taillog *******************


[2016-12-28T10:55:48.682Z] Tailing /var/log/cfn-init.log

******************* cfn-init taillog *******************
2016-12-28 10:55:27,258 [INFO] -----------------------Starting build-----------------------
2016-12-28 10:55:27,334 [INFO] Running configSets: _OnInstanceBoot
2016-12-28 10:55:27,335 [INFO] Running configSet _OnInstanceBoot
2016-12-28 10:55:27,344 [INFO] Running config AWSEBBaseConfig
2016-12-28 10:55:27,379 [INFO] Command clearbackupfiles succeeded
2016-12-28 10:55:27,394 [INFO] Running config AWSEBMessageOfTheDay
2016-12-28 10:55:27,420 [INFO] Command 01clearoriginal succeeded
2016-12-28 10:55:27,446 [INFO] Command 02createbanner succeeded
2016-12-28 10:55:27,496 [INFO] Command 03updatebanner succeeded
2016-12-28 10:55:27,512 [INFO] Running config AWSEBULimitConfig
2016-12-28 10:55:27,530 [INFO] Command 00removebackup succeeded
2016-12-28 10:55:27,543 [INFO] Running config Infra-InstallContainerHooksPkg
2016-12-28 10:55:27,559 [INFO] Command 00mkdir succeeded
2016-12-28 10:55:27,774 [INFO] Command 01download_container_hooks succeeded
2016-12-28 10:55:27,801 [INFO] Command 02install_container_hooks succeeded
2016-12-28 10:55:27,817 [INFO] Command 03cleanup succeeded
2016-12-28 10:55:27,850 [INFO] Running config Infra-WriteLeaderTestScript
2016-12-28 10:55:27,862 [INFO] Running config Infra-WriteTailLogsConf
2016-12-28 10:55:27,882 [INFO] Running config Infra-WriteSystemTailLogsConf
2016-12-28 10:55:27,907 [INFO] Running config Infra-WriteBundleLogsConf
2016-12-28 10:55:27,918 [INFO] Running config Infra-WritePublishLogsConf
2016-12-28 10:55:27,925 [INFO] Running config Infra-WritePublishLogsCron
2016-12-28 10:55:27,930 [INFO] ConfigSets completed
2016-12-28 10:55:28,044 [INFO] -----------------------Build complete-----------------------
******************* End of taillog *******************


[2016-12-28T10:55:48.691Z] Tailing /var/log/cfn-hup.log

******************* cfn-hup taillog *******************
2016-12-28 10:55:29,945 [DEBUG] CloudFormation client initialized with endpoint https://cloudformation.eu-west-1.amazonaws.com
2016-12-28 10:55:29,946 [DEBUG] SQS client initialized with endpoint https://eu-west-1.queue.amazonaws.com
2016-12-28 10:55:29,946 [DEBUG] CloudFormation client initialized with endpoint https://cloudformation.eu-west-1.amazonaws.com
2016-12-28 10:55:29,946 [DEBUG] Enabled single threading mode.
2016-12-28 10:55:29,947 [DEBUG] Creating /var/lib/cfn-hup/data
2016-12-28 10:55:29,953 [DEBUG] Registering listener i-082a6d5e6bc181918 for stack arn:aws:cloudformation:eu-west-1:305362053369:stack/awseb-e-6ptkmqijch-stack/e6463340-cceb-11e6-b7b8-500c3cb898d2
2016-12-28 10:55:30,518 [INFO] Refreshing listener credentials
2016-12-28 10:55:30,522 [DEBUG] Get listener credentials for listener i-082a6d5e6bc181918 in stack arn:aws:cloudformation:eu-west-1:305362053369:stack/awseb-e-6ptkmqijch-stack/e6463340-cceb-11e6-b7b8-500c3cb898d2
2016-12-28 10:55:30,686 [INFO] Scheduling next credential refresh in 7200 seconds
2016-12-28 10:55:30,690 [DEBUG] Receiving messages for queue https://eu-west-1.queue.amazonaws.com/216463081828/8d1f0289a1eb7133b8091672461a56d57654c5b638802e2f1a74f7db3dcda23c
******************* End of taillog *******************


[2016-12-28T10:55:48.700Z] Completed EB Bootstrapping Script.
+ exit 0
